   2.4498980e-02   6.0253447e-04  -7.1118884e+01  -3.7951147e+01  -7.1141378e+01  -7.1141378e+01  -7.1105823e+01  -7.1105823e+01  -3.7968566e+01  -3.7933011e+01  -3.7933011e+01  -3.7968566e+01   4.8142638e+01  -1.3097678e+01
   1.7704177e-02   6.5989080e-04  -7.1094015e+01  -3.7950841e+01  -7.1105823e+01  -7.1105823e+01  -7.1070267e+01  -7.1070267e+01  -3.7968566e+01  -3.7933011e+01  -3.7933011e+01  -3.7968566e+01   4.8243661e+01  -1.3097716e+01
   3.2126308e-03   6.1850000e-04  -7.1018013e+01  -3.7772624e+01  -7.1034712e+01  -7.1034712e+01  -7.0999156e+01  -7.0999156e+01  -3.7790789e+01  -3.7755233e+01  -3.7755233e+01  -3.7790789e+01   4.8859859e+01  -1.3097946e+01
   1.0917294e-02   8.7486404e-04  -7.1259183e+01  -3.7866478e+01  -7.1265822e+01  -7.1265822e+01  -7.1248045e+01  -7.1248045e+01  -3.7879677e+01  -3.7861900e+01  -3.7861900e+01  -3.7879677e+01   4.7668319e+01  -1.3097495e+01
   6.1085070e-03   8.9912455e-04  -7.1273097e+01  -3.7870340e+01  -7.1283600e+01  -7.1283600e+01  -7.1265822e+01  -7.1265822e+01  -3.7879677e+01  -3.7861900e+01  -3.7861900e+01  -3.7879677e+01   4.7598037e+01  -1.3097467e+01
   6.8561005e-03   9.1016886e-04  -7.1235308e+01  -3.7890237e+01  -7.1248045e+01  -7.1248045e+01  -7.1230267e+01  -7.1230267e+01  -3.7897455e+01  -3.7879677e+01  -3.7879677e+01  -3.7897455e+01   4.7733557e+01  -1.3097520e+01
   1.4296076e-02   7.9011250e-04  -7.1254930e+01  -3.7855892e+01  -7.1265822e+01  -7.1265822e+01  -7.1248045e+01  -7.1248045e+01  -3.7861900e+01  -3.7844122e+01  -3.7844122e+01  -3.7861900e+01   4.7703233e+01  -1.3097508e+01
   2.6752939e-02   9.1271719e-04  -7.1150429e+01  -3.7779579e+01  -7.1159156e+01  -7.1159156e+01  -7.1141378e+01  -7.1141378e+01  -3.7790789e+01  -3.7773011e+01  -3.7773011e+01  -3.7790789e+01   4.8291502e+01  -1.3097734e+01
   2.8508405e-02   8.5884107e-04  -7.1165322e+01  -3.7764410e+01  -7.1176934e+01  -7.1176934e+01  -7.1159156e+01  -7.1159156e+01  -3.7773011e+01  -3.7755233e+01  -3.7755233e+01  -3.7773011e+01   4.8256073e+01  -1.3097721e+01
   1.2510918e-02   9.1443606e-04  -7.1082994e+01  -3.7907982e+01  -7.1088045e+01  -7.1088045e+01  -7.1070267e+01  -7.1070267e+01  -3.7915233e+01  -3.7897455e+01  -3.7897455e+01  -3.7915233e+01   4.8370192e+01  -1.3097764e+01
   1.3680068e-02   7.8499824e-04  -7.1097221e+01  -3.7904306e+01  -7.1105823e+01  -7.1105823e+01  -7.1088045e+01  -7.1088045e+01  -3.7915233e+01  -3.7897455e+01  -3.7897455e+01  -3.7915233e+01   4.8320712e+01  -1.3097746e+01
   1.9539682e-02   7.3537931e-04  -7.1133542e+01  -3.7922865e+01  -7.1141378e+01  -7.1141378e+01  -7.1123600e+01  -7.1123600e+01  -3.7933011e+01  -3.7915233e+01  -3.7915233e+01  -3.7933011e+01   4.8131432e+01  -1.3097674e+01
   1.7734966e-02   7.2760241e-04  -7.1113931e+01  -3.7923902e+01  -7.1123600e+01  -7.1123600e+01  -7.1105823e+01  -7.1105823e+01  -3.7933011e+01  -3.7915233e+01  -3.7915233e+01  -3.7933011e+01   4.8215783e+01  -1.3097706e+01
   1.3794321e-02   7.5540476e-04  -7.1112018e+01  -3.7906526e+01  -7.1123600e+01  -7.1123600e+01  -7.1105823e+01  -7.1105823e+01  -3.7915233e+01  -3.7897455e+01  -3.7897455e+01  -3.7915233e+01   4.8253343e+01  -1.3097720e+01
   1.3591650e-02   8.8946968e-04  -7.1134515e+01  -3.7908775e+01  -7.1141378e+01  -7.1141378e+01  -7.1123600e+01  -7.1123600e+01  -3.7915233e+01  -3.7897455e+01  -3.7897455e+01  -3.7915233e+01   4.8150321e+01  -1.3097681e+01
   1.3514006e-04   8.9656376e-04  -7.1079100e+01  -3.7884489e+01  -7.1088045e+01  -7.1088045e+01  -7.1070267e+01  -7.1070267e+01  -3.7897455e+01  -3.7879677e+01  -3.7879677e+01  -3.7897455e+01   4.8407477e+01  -1.3097778e+01
   8.9106744e-03   1.0611435e-03  -7.1225949e+01  -3.7893649e+01  -7.1230267e+01  -7.1230267e+01  -7.1221378e+01  -7.1221378e+01  -3.7897455e+01  -3.7888566e+01  -3.7888566e+01  -3.7897455e+01   4.7769631e+01  -1.3097534e+01
   1.5309015e-02   1.0652717e-03  -7.1216843e+01  -3.7891875e+01  -7.1221378e+01  -7.1221378e+01  -7.1212489e+01  -7.1212489e+01  -3.7897455e+01  -3.7888566e+01  -3.7888566e+01  -3.7897455e+01   4.7812176e+01  -1.3097551e+01
   1.7394705e-02   9.6581722e-04  -7.1216852e+01  -3.7884294e+01  -7.1221378e+01  -7.1221378e+01  -7.1212489e+01  -7.1212489e+01  -3.7888566e+01  -3.7879677e+01  -3.7879677e+01  -3.7888566e+01   4.7831784e+01  -1.3097558e+01
   1.3955634e-02   1.0156055e-03  -7.1225848e+01  -3.7883958e+01  -7.1230267e+01  -7.1230267e+01  -7.1221378e+01  -7.1221378e+01  -3.7888566e+01  -3.7879677e+01  -3.7879677e+01  -3.7888566e+01   4.7791383e+01  -1.3097543e+01
   2.0000753e-02   1.0643473e-03  -7.1224657e+01  -3.7875130e+01  -7.1230267e+01  -7.1230267e+01  -7.1221378e+01  -7.1221378e+01  -3.7879677e+01  -3.7870789e+01  -3.7870789e+01  -3.7879677e+01   4.7807200e+01  -1.3097549e+01
   2.3535892e-02   9.7691032e-04  -7.1225763e+01  -3.7866656e+01  -7.1230267e+01  -7.1230267e+01  -7.1221378e+01  -7.1221378e+01  -3.7870789e+01  -3.7861900e+01  -3.7861900e+01  -3.7870789e+01   4.7819110e+01  -1.3097554e+01
   1.9461928e-02   1.1179767e-03  -7.1233539e+01  -3.7866349e+01  -7.1239156e+01  -7.1239156e+01  -7.1230267e+01  -7.1230267e+01  -3.7870789e+01  -3.7861900e+01  -3.7861900e+01  -3.7870789e+01   4.7781177e+01  -1.3097539e+01
   2.2208105e-02   9.7216214e-04  -7.1243668e+01  -3.7857341e+01  -7.1248045e+01  -7.1248045e+01  -7.1239156e+01  -7.1239156e+01  -3.7861900e+01  -3.7853011e+01  -3.7853011e+01  -3.7861900e+01   4.7757495e+01  -1.3097530e+01
   2.3975845e-02   1.0001598e-03  -7.1234797e+01  -3.7857249e+01  -7.1239156e+01  -7.1239156e+01  -7.1230267e+01  -7.1230267e+01  -3.7861900e+01  -3.7853011e+01  -3.7853011e+01  -3.7861900e+01   4.7799584e+01  -1.3097546e+01
   1.8724597e-02   1.0648090e-03  -7.1244016e+01  -3.7849773e+01  -7.1248045e+01  -7.1248045e+01  -7.1239156e+01  -7.1239156e+01  -3.7853011e+01  -3.7844122e+01  -3.7844122e+01  -3.7853011e+01   4.7765364e+01  -1.3097533e+01
   2.5927739e-02   1.0897767e-03  -7.1226275e+01  -3.7857888e+01  -7.1230267e+01  -7.1230267e+01  -7.1221378e+01  -7.1221378e+01  -3.7861900e+01  -3.7853011e+01  -3.7853011e+01  -3.7861900e+01   4.7835198e+01  -1.3097560e+01
   4.2738448e-02   1.2775154e-03  -7.1218218e+01  -3.7823287e+01  -7.1221378e+01  -7.1221378e+01  -7.1212489e+01  -7.1212489e+01  -3.7826344e+01  -3.7817455e+01  -3.7817455e+01  -3.7826344e+01   4.7932715e+01  -1.3097598e+01
   1.8639739e-02   1.0826302e-03  -7.1155355e+01  -3.7911824e+01  -7.1159156e+01  -7.1159156e+01  -7.1150267e+01  -7.1150267e+01  -3.7915233e+01  -3.7906344e+01  -3.7906344e+01  -3.7915233e+01   4.8050395e+01  -1.3097643e+01
   2.2688927e-02   1.3145116e-03  -7.1145443e+01  -3.7912740e+01  -7.1150267e+01  -7.1150267e+01  -7.1141378e+01  -7.1141378e+01  -3.7915233e+01  -3.7906344e+01  -3.7906344e+01  -3.7915233e+01   4.8092662e+01  -1.3097659e+01
   1.6383016e-02   1.1227443e-03  -7.1145942e+01  -3.7901914e+01  -7.1150267e+01  -7.1150267e+01  -7.1141378e+01  -7.1141378e+01  -3.7906344e+01  -3.7897455e+01  -3.7897455e+01  -3.7906344e+01   4.8108612e+01  -1.3097665e+01
   1.8106550e-02   1.2077652e-03  -7.1153434e+01  -3.7904312e+01  -7.1159156e+01  -7.1159156e+01  -7.1150267e+01  -7.1150267e+01  -3.7906344e+01  -3.7897455e+01  -3.7897455e+01  -3.7906344e+01   4.8071417e+01  -1.3097651e+01
   8.8739747e-03   1.3212219e-03  -7.1182911e+01  -3.7900029e+01  -7.1185822e+01  -7.1185822e+01  -7.1176934e+01  -7.1176934e+01  -3.7906344e+01  -3.7897455e+01  -3.7897455e+01  -3.7906344e+01   4.7935472e+01  -1.3097599e+01
   9.0857950e-03   1.0562047e-03  -7.1189502e+01  -3.7901113e+01  -7.1194711e+01  -7.1194711e+01  -7.1185822e+01  -7.1185822e+01  -3.7906344e+01  -3.7897455e+01  -3.7897455e+01  -3.7906344e+01   4.7907061e+01  -1.3097588e+01
   8.3567987e-03   1.1179767e-03  -7.1199905e+01  -3.7901294e+01  -7.1203600e+01  -7.1203600e+01  -7.1194711e+01  -7.1194711e+01  -3.7906344e+01  -3.7897455e+01  -3.7897455e+01  -3.7906344e+01   4.7865377e+01  -1.3097572e+01
   1.5492554e-02   9.3960741e-04  -7.1208111e+01  -3.7893232e+01  -7.1212489e+01  -7.1212489e+01  -7.1203600e+01  -7.1203600e+01  -3.7897455e+01  -3.7888566e+01  -3.7888566e+01  -3.7897455e+01   4.7847271e+01  -1.3097564e+01
   1.8272227e-02   9.9091643e-04  -7.1199751e+01  -3.7893235e+01  -7.1203600e+01  -7.1203600e+01  -7.1194711e+01  -7.1194711e+01  -3.7897455e+01  -3.7888566e+01  -3.7888566e+01  -3.7897455e+01   4.7884248e+01  -1.3097579e+01
   1.6035090e-02   9.7452177e-04  -7.1190787e+01  -3.7892894e+01  -7.1194711e+01  -7.1194711e+01  -7.1185822e+01  -7.1185822e+01  -3.7897455e+01  -3.7888566e+01  -3.7888566e+01  -3.7897455e+01   4.7918607e+01  -1.3097592e+01
   1.7936119e-02   1.0483643e-03  -7.1181907e+01  -3.7891795e+01  -7.1185822e+01  -7.1185822e+01  -7.1176934e+01  -7.1176934e+01  -3.7897455e+01  -3.7888566e+01  -3.7888566e+01  -3.7897455e+01   4.7958227e+01  -1.3097607e+01
   1.8571458e-02   1.1409247e-03  -7.1172785e+01  -3.7891054e+01  -7.1176934e+01  -7.1176934e+01  -7.1168045e+01  -7.1168045e+01  -3.7897455e+01  -3.7888566e+01  -3.7888566e+01  -3.7897455e+01   4.8000499e+01  -1.3097623e+01
   4.3676100e-02   1.1294694e-03  -7.1207660e+01  -3.7823002e+01  -7.1212489e+01  -7.1212489e+01  -7.1203600e+01  -7.1203600e+01  -3.7826344e+01  -3.7817455e+01  -3.7817455e+01  -3.7826344e+01   4.7982816e+01  -1.3097617e+01
   3.9072894e-02   1.2990743e-03  -7.1207203e+01  -3.7812553e+01  -7.1212489e+01  -7.1212489e+01  -7.1203600e+01  -7.1203600e+01  -3.7817455e+01  -3.7808566e+01  -3.7808566e+01  -3.7817455e+01   4.7993319e+01  -1.3097621e+01
   3.7415996e-02   1.3171752e-03  -7.1152531e+01  -3.7803602e+01  -7.1159156e+01  -7.1159156e+01  -7.1150267e+01  -7.1150267e+01  -3.7808566e+01  -3.7799678e+01  -3.7799678e+01  -3.7808566e+01   4.8246335e+01  -1.3097717e+01
   1.1384317e-02   1.1313389e-03  -7.1137738e+01  -3.7894448e+01  -7.1141378e+01  -7.1141378e+01  -7.1132489e+01  -7.1132489e+01  -3.7897455e+01  -3.7888566e+01  -3.7888566e+01  -3.7897455e+01   4.8154985e+01  -1.3097683e+01
   9.0165847e-03   1.2752280e-03  -7.1136693e+01  -3.7883846e+01  -7.1141378e+01  -7.1141378e+01  -7.1132489e+01  -7.1132489e+01  -3.7888566e+01  -3.7879677e+01  -3.7879677e+01  -3.7888566e+01   4.8164448e+01  -1.3097686e+01
   1.2130153e-02   1.1536744e-03  -7.1116948e+01  -3.7892280e+01  -7.1123600e+01  -7.1123600e+01  -7.1114712e+01  -7.1114712e+01  -3.7897455e+01  -3.7888566e+01  -3.7888566e+01  -3.7897455e+01   4.8249850e+01  -1.3097719e+01
   1.0823562e-02   9.6954134e-04  -7.1111003e+01  -3.7893164e+01  -7.1114712e+01  -7.1114712e+01  -7.1105823e+01  -7.1105823e+01  -3.7897455e+01  -3.7888566e+01  -3.7888566e+01  -3.7897455e+01   4.8278819e+01  -1.3097730e+01
   1.1603654e-02   1.1807177e-03  -7.1117799e+01  -3.7886152e+01  -7.1123600e+01  -7.1123600e+01  -7.1114712e+01  -7.1114712e+01  -3.7888566e+01  -3.7879677e+01  -3.7879677e+01  -3.7888566e+01   4.8254482e+01  -1.3097721e+01
   1.8281025e-02   1.3752598e-03  -7.1120603e+01  -3.7873295e+01  -7.1123600e+01  -7.1123600e+01  -7.1114712e+01  -7.1114712e+01  -3.7879677e+01  -3.7870789e+01  -3.7870789e+01  -3.7879677e+01   4.8261260e+01  -1.3097723e+01
   2.9605267e-03   1.2323983e-03  -7.1083719e+01  -3.7875967e+01  -7.1088045e+01  -7.1088045e+01  -7.1079156e+01  -7.1079156e+01  -3.7879677e+01  -3.7870789e+01  -3.7870789e+01  -3.7879677e+01   4.8402196e+01  -1.3097776e+01
   2.2848733e-03   1.2121429e-03  -7.1075804e+01  -3.7876621e+01  -7.1079156e+01  -7.1079156e+01  -7.1070267e+01  -7.1070267e+01  -3.7879677e+01  -3.7870789e+01  -3.7870789e+01  -3.7879677e+01   4.8433757e+01  -1.3097788e+01
   4.0153878e-03   1.0331158e-03  -7.1101232e+01  -3.7874248e+01  -7.1105823e+01  -7.1105823e+01  -7.1096934e+01  -7.1096934e+01  -3.7879677e+01  -3.7870789e+01  -3.7870789e+01  -3.7879677e+01   4.8333069e+01  -1.3097750e+01
   2.3005918e-03   1.2441929e-03  -7.1093599e+01  -3.7875379e+01  -7.1096934e+01  -7.1096934e+01  -7.1088045e+01  -7.1088045e+01  -3.7879677e+01  -3.7870789e+01  -3.7870789e+01  -3.7879677e+01   4.8362435e+01  -1.3097761e+01
   1.2282725e-02   1.0557614e-03  -7.1101677e+01  -3.7867201e+01  -7.1105823e+01  -7.1105823e+01  -7.1096934e+01  -7.1096934e+01  -3.7870789e+01  -3.7861900e+01  -3.7861900e+01  -3.7870789e+01   4.8343579e+01  -1.3097754e+01
   4.5610093e-03   1.0960945e-03  -7.1093136e+01  -3.7803701e+01  -7.1096934e+01  -7.1096934e+01  -7.1088045e+01  -7.1088045e+01  -3.7808566e+01  -3.7799678e+01  -3.7799678e+01  -3.7808566e+01   4.8491361e+01  -1.3097810e+01
  -1.3805619e-03   1.2673800e-03  -7.1093842e+01  -3.7797241e+01  -7.1096934e+01  -7.1096934e+01  -7.1088045e+01  -7.1088045e+01  -3.7799678e+01  -3.7790789e+01  -3.7790789e+01  -3.7799678e+01   4.8496388e+01  -1.3097812e+01
   2.0863578e-02   1.3105660e-03  -7.1219298e+01  -3.7877555e+01  -7.1221378e+01  -7.1221378e+01  -7.1216934e+01  -7.1216934e+01  -3.7879677e+01  -3.7875233e+01  -3.7875233e+01  -3.7879677e+01   4.7830997e+01  -1.3097559e+01
   2.2574839e-02   1.3105660e-03  -7.1214875e+01  -3.7877611e+01  -7.1216934e+01  -7.1216934e+01  -7.1212489e+01  -7.1212489e+01  -3.7879677e+01  -3.7875233e+01  -3.7875233e+01  -3.7879677e+01   4.7852872e+01  -1.3097567e+01
   2.6802378e-02   1.3041194e-03  -7.1214850e+01  -3.7873150e+01  -7.1216934e+01  -7.1216934e+01  -7.1212489e+01  -7.1212489e+01  -3.7875233e+01  -3.7870789e+01  -3.7870789e+01  -3.7875233e+01   4.7860456e+01  -1.3097570e+01
   2.6612551e-02   1.3041194e-03  -7.1219295e+01  -3.7873150e+01  -7.1221378e+01  -7.1221378e+01  -7.1216934e+01  -7.1216934e+01  -3.7875233e+01  -3.7870789e+01  -3.7870789e+01  -3.7875233e+01   4.7838559e+01  -1.3097561e+01
   2.6178376e-02   1.3041194e-03  -7.1219295e+01  -3.7868705e+01  -7.1221378e+01  -7.1221378e+01  -7.1216934e+01  -7.1216934e+01  -3.7870789e+01  -3.7866344e+01  -3.7866344e+01  -3.7870789e+01   4.7848387e+01  -1.3097565e+01
   3.0341496e-02   1.3041194e-03  -7.1214850e+01  -3.7868705e+01  -7.1216934e+01  -7.1216934e+01  -7.1212489e+01  -7.1212489e+01  -3.7870789e+01  -3.7866344e+01  -3.7866344e+01  -3.7870789e+01   4.7871478e+01  -1.3097574e+01
   3.3538975e-02   1.3079683e-03  -7.1214841e+01  -3.7864244e+01  -7.1216934e+01  -7.1216934e+01  -7.1212489e+01  -7.1212489e+01  -3.7866344e+01  -3.7861900e+01  -3.7861900e+01  -3.7866344e+01   4.7882159e+01  -1.3097578e+01
   2.8530866e-02   1.3041194e-03  -7.1219295e+01  -3.7864261e+01  -7.1221378e+01  -7.1221378e+01  -7.1216934e+01  -7.1216934e+01  -3.7866344e+01  -3.7861900e+01  -3.7861900e+01  -3.7866344e+01   4.7859158e+01  -1.3097569e+01
   2.9759027e-02   1.4362830e-03  -7.1219135e+01  -3.7860262e+01  -7.1221378e+01  -7.1221378e+01  -7.1216934e+01  -7.1216934e+01  -3.7861900e+01  -3.7857455e+01  -3.7857455e+01  -3.7861900e+01   4.7864731e+01  -1.3097571e+01
   3.6551787e-02   1.3670782e-03  -7.1214878e+01  -3.7860014e+01  -7.1216934e+01  -7.1216934e+01  -7.1212489e+01  -7.1212489e+01  -3.7861900e+01  -3.7857455e+01  -3.7857455e+01  -3.7861900e+01   4.7886245e+01  -1.3097580e+01
   4.4667131e-02   1.3337467e-03  -7.1214866e+01  -3.7855253e+01  -7.1216934e+01  -7.1216934e+01  -7.1212489e+01  -7.1212489e+01  -3.7857455e+01  -3.7853011e+01  -3.7853011e+01  -3.7857455e+01   4.7891143e+01  -1.3097582e+01
   3.2248281e-02   1.5569860e-03  -7.1218766e+01  -3.7855442e+01  -7.1221378e+01  -7.1221378e+01  -7.1216934e+01  -7.1216934e+01  -3.7857455e+01  -3.7853011e+01  -3.7853011e+01  -3.7857455e+01   4.7872879e+01  -1.3097574e+01
   3.0765283e-02   1.6983603e-03  -7.1218950e+01  -3.7851656e+01  -7.1221378e+01  -7.1221378e+01  -7.1216934e+01  -7.1216934e+01  -3.7853011e+01  -3.7848566e+01  -3.7848566e+01  -3.7853011e+01   4.7871371e+01  -1.3097574e+01
   4.7632525e-02   1.3212219e-03  -7.1214818e+01  -3.7850943e+01  -7.1216934e+01  -7.1216934e+01  -7.1212489e+01  -7.1212489e+01  -3.7853011e+01  -3.7848566e+01  -3.7848566e+01  -3.7853011e+01   4.7896302e+01  -1.3097584e+01
   4.3044508e-02   1.3514161e-03  -7.1214669e+01  -3.7846437e+01  -7.1216934e+01  -7.1216934e+01  -7.1212489e+01  -7.1212489e+01  -3.7848566e+01  -3.7844122e+01  -3.7844122e+01  -3.7848566e+01   4.7902776e+01  -1.3097586e+01
   4.0932861e-02   1.8515788e-03  -7.1218098e+01  -3.7845621e+01  -7.1221378e+01  -7.1221378e+01  -7.1216934e+01  -7.1216934e+01  -3.7848566e+01  -3.7844122e+01  -3.7844122e+01  -3.7848566e+01   4.7883246e+01  -1.3097579e+01
   4.1754869e-02   1.4808026e-03  -7.1214423e+01  -3.7842600e+01  -7.1216934e+01  -7.1216934e+01  -7.1212489e+01  -7.1212489e+01  -3.7844122e+01  -3.7839678e+01  -3.7839678e+01  -3.7844122e+01   4.7908614e+01  -1.3097588e+01
   5.4925225e-02   1.8515788e-03  -7.1213671e+01  -3.7837711e+01  -7.1216934e+01  -7.1216934e+01  -7.1212489e+01  -7.1212489e+01  -3.7839678e+01  -3.7835233e+01  -3.7835233e+01  -3.7839678e+01   4.7921857e+01  -1.3097593e+01
   4.1308211e-02   1.7726052e-03  -7.1214615e+01  -3.7832270e+01  -7.1216934e+01  -7.1216934e+01  -7.1212489e+01  -7.1212489e+01  -3.7835233e+01  -3.7830789e+01  -3.7830789e+01  -3.7835233e+01   4.7929595e+01  -1.3097596e+01
   3.5520995e-02   1.7080380e-03  -7.1213645e+01  -3.7829320e+01  -7.1216934e+01  -7.1216934e+01  -7.1212489e+01  -7.1212489e+01  -3.7830789e+01  -3.7826344e+01  -3.7826344e+01  -3.7830789e+01   4.7943144e+01  -1.3097602e+01
   2.3862774e-02   1.4106424e-03  -7.1201785e+01  -3.7886109e+01  -7.1203600e+01  -7.1203600e+01  -7.1199156e+01  -7.1199156e+01  -3.7888566e+01  -3.7884122e+01  -3.7884122e+01  -3.7888566e+01   4.7892714e+01  -1.3097582e+01
   2.5984905e-02   1.4281451e-03  -7.1196921e+01  -3.7886464e+01  -7.1199156e+01  -7.1199156e+01  -7.1194711e+01  -7.1194711e+01  -3.7888566e+01  -3.7884122e+01  -3.7884122e+01  -3.7888566e+01   4.7909078e+01  -1.3097588e+01
   2.9692908e-02   1.3041194e-03  -7.1197072e+01  -3.7882039e+01  -7.1199156e+01  -7.1199156e+01  -7.1194711e+01  -7.1194711e+01  -3.7884122e+01  -3.7879677e+01  -3.7879677e+01  -3.7884122e+01   4.7918453e+01  -1.3097592e+01
   2.6586279e-02   1.3198661e-03  -7.1201586e+01  -3.7882081e+01  -7.1203600e+01  -7.1203600e+01  -7.1199156e+01  -7.1199156e+01  -3.7884122e+01  -3.7879677e+01  -3.7879677e+01  -3.7884122e+01   4.7902104e+01  -1.3097586e+01
   2.0349797e-02   1.3158400e-03  -7.1210356e+01  -3.7886541e+01  -7.1212489e+01  -7.1212489e+01  -7.1208045e+01  -7.1208045e+01  -3.7888566e+01  -3.7884122e+01  -3.7884122e+01  -3.7888566e+01   4.7852226e+01  -1.3097566e+01
   2.2996505e-02   1.3185172e-03  -7.1205944e+01  -3.7886464e+01  -7.1208045e+01  -7.1208045e+01  -7.1203600e+01  -7.1203600e+01  -3.7888566e+01  -3.7884122e+01  -3.7884122e+01  -3.7888566e+01   4.7873074e+01  -1.3097575e+01
   2.5636111e-02   1.3295058e-03  -7.1205941e+01  -3.7882102e+01  -7.1208045e+01  -7.1208045e+01  -7.1203600e+01  -7.1203600e+01  -3.7884122e+01  -3.7879677e+01  -3.7879677e+01  -3.7884122e+01   4.7884379e+01  -1.3097579e+01
   2.4590751e-02   1.3323256e-03  -7.1210395e+01  -3.7882024e+01  -7.1212489e+01  -7.1212489e+01  -7.1208045e+01  -7.1208045e+01  -3.7884122e+01  -3.7879677e+01  -3.7879677e+01  -3.7884122e+01   4.7865806e+01  -1.3097572e+01
   2.4516185e-02   1.3053960e-03  -7.1183738e+01  -3.7886479e+01  -7.1185822e+01  -7.1185822e+01  -7.1181378e+01  -7.1181378e+01  -3.7888566e+01  -3.7884122e+01  -3.7884122e+01  -3.7888566e+01   4.7964185e+01  -1.3097610e+01
   2.2602981e-02   1.3041194e-03  -7.1179295e+01  -3.7886483e+01  -7.1181378e+01  -7.1181378e+01  -7.1176934e+01  -7.1176934e+01  -3.7888566e+01  -3.7884122e+01  -3.7884122e+01  -3.7888566e+01   4.7984668e+01  -1.3097617e+01
   2.5933952e-02   1.3253315e-03  -7.1179174e+01  -3.7882042e+01  -7.1181378e+01  -7.1181378e+01  -7.1176934e+01  -7.1176934e+01  -3.7884122e+01  -3.7879677e+01  -3.7879677e+01  -3.7884122e+01   4.7999480e+01  -1.3097623e+01
   3.1793928e-02   1.3118746e-03  -7.1183787e+01  -3.7882013e+01  -7.1185822e+01  -7.1185822e+01  -7.1181378e+01  -7.1181378e+01  -3.7884122e+01  -3.7879677e+01  -3.7879677e+01  -3.7884122e+01   4.7976604e+01  -1.3097614e+01
   2.4203462e-02   1.3253315e-03  -7.1192503e+01  -3.7886573e+01  -7.1194711e+01  -7.1194711e+01  -7.1190267e+01  -7.1190267e+01  -3.7888566e+01  -3.7884122e+01  -3.7884122e+01  -3.7888566e+01   4.7926555e+01  -1.3097595e+01
   2.5058780e-02   1.3041194e-03  -7.1188184e+01  -3.7886483e+01  -7.1190267e+01  -7.1190267e+01  -7.1185822e+01  -7.1185822e+01  -3.7888566e+01  -3.7884122e+01  -3.7884122e+01  -3.7888566e+01   4.7944619e+01  -1.3097602e+01
   3.0562012e-02   1.3066790e-03  -7.1188167e+01  -3.7882043e+01  -7.1190267e+01  -7.1190267e+01  -7.1185822e+01  -7.1185822e+01  -3.7884122e+01  -3.7879677e+01  -3.7879677e+01  -3.7884122e+01   4.7956499e+01  -1.3097607e+01
   2.9649349e-02   1.3295058e-03  -7.1192571e+01  -3.7881966e+01  -7.1194711e+01  -7.1194711e+01  -7.1190267e+01  -7.1190267e+01  -3.7884122e+01  -3.7879677e+01  -3.7879677e+01  -3.7884122e+01   4.7938780e+01  -1.3097600e+01
   3.2945925e-02   1.3041194e-03  -7.1192628e+01  -3.7877594e+01  -7.1194711e+01  -7.1194711e+01  -7.1190267e+01  -7.1190267e+01  -3.7879677e+01  -3.7875233e+01  -3.7875233e+01  -3.7879677e+01   4.7949649e+01  -1.3097604e+01
   3.6103958e-02   1.3560207e-03  -7.1188183e+01  -3.7877723e+01  -7.1190267e+01  -7.1190267e+01  -7.1185822e+01  -7.1185822e+01  -3.7879677e+01  -3.7875233e+01  -3.7875233e+01  -3.7879677e+01   4.7969443e+01  -1.3097612e+01
   3.2099308e-02   1.5303610e-03  -7.1192894e+01  -3.7874068e+01  -7.1194711e+01  -7.1194711e+01  -7.1190267e+01  -7.1190267e+01  -3.7875233e+01  -3.7870789e+01  -3.7870789e+01  -3.7875233e+01   4.7960242e+01  -1.3097609e+01
   3.3006979e-02   1.4301580e-03  -7.1183807e+01  -3.7878019e+01  -7.1185822e+01  -7.1185822e+01  -7.1181378e+01  -7.1181378e+01  -3.7879677e+01  -3.7875233e+01  -3.7875233e+01  -3.7879677e+01   4.7988475e+01  -1.3097619e+01
   3.1413987e-02   1.4784084e-03  -7.1179215e+01  -3.7878274e+01  -7.1181378e+01  -7.1181378e+01  -7.1176934e+01  -7.1176934e+01  -3.7879677e+01  -3.7875233e+01  -3.7875233e+01  -3.7879677e+01   4.8010420e+01  -1.3097628e+01
   4.1086829e-02   1.9155199e-03  -7.1194141e+01  -3.7868465e+01  -7.1194711e+01  -7.1194711e+01  -7.1190267e+01  -7.1190267e+01  -3.7870789e+01  -3.7866344e+01  -3.7866344e+01  -3.7870789e+01   4.7974105e+01  -1.3097614e+01
   4.2040006e-02   1.4163575e-03  -7.1188434e+01  -3.7864170e+01  -7.1190267e+01  -7.1190267e+01  -7.1185822e+01  -7.1185822e+01  -3.7866344e+01  -3.7861900e+01  -3.7861900e+01  -3.7866344e+01   4.8016095e+01  -1.3097630e+01
   4.3197277e-02   1.3424361e-03  -7.1192657e+01  -3.7864105e+01  -7.1194711e+01  -7.1194711e+01  -7.1190267e+01  -7.1190267e+01  -3.7866344e+01  -3.7861900e+01  -3.7861900e+01  -3.7866344e+01   4.7995151e+01  -1.3097622e+01
   2.5801026e-02   1.3158400e-03  -7.1210378e+01  -3.7877542e+01  -7.1212489e+01  -7.1212489e+01  -7.1208045e+01  -7.1208045e+01  -3.7879677e+01  -3.7875233e+01  -3.7875233e+01  -3.7879677e+01   4.7874691e+01  -1.3097575e+01
   2.7138139e-02   1.3351755e-03  -7.1206027e+01  -3.7877528e+01  -7.1208045e+01  -7.1208045e+01  -7.1203600e+01  -7.1203600e+01  -3.7879677e+01  -3.7875233e+01  -3.7875233e+01  -3.7879677e+01   4.7895765e+01  -1.3097583e+01
   3.1682681e-02   1.3041194e-03  -7.1205961e+01  -3.7873150e+01  -7.1208045e+01  -7.1208045e+01  -7.1203600e+01  -7.1203600e+01  -3.7875233e+01  -3.7870789e+01  -3.7870789e+01  -3.7875233e+01   4.7905267e+01  -1.3097587e+01
   2.8244771e-02   1.3053960e-03  -7.1210404e+01  -3.7873157e+01  -7.1212489e+01  -7.1212489e+01  -7.1208045e+01  -7.1208045e+01  -3.7875233e+01  -3.7870789e+01  -3.7870789e+01  -3.7875233e+01   4.7882711e+01  -1.3097578e+01
   2.8831049e-02   1.3424361e-03  -7.1201460e+01  -3.7877713e+01  -7.1203600e+01  -7.1203600e+01  -7.1199156e+01  -7.1199156e+01  -3.7879677e+01  -3.7875233e+01  -3.7875233e+01  -3.7879677e+01   4.7912439e+01  -1.3097589e+01
   3.2307331e-02   1.3145116e-03  -7.1197075e+01  -3.7877620e+01  -7.1199156e+01  -7.1199156e+01  -7.1194711e+01  -7.1194711e+01  -3.7879677e+01  -3.7875233e+01  -3.7875233e+01  -3.7879677e+01   4.7928947e+01  -1.3097596e+01
   3.7445204e-02   1.3529423e-03  -7.1197132e+01  -3.7873118e+01  -7.1199156e+01  -7.1199156e+01  -7.1194711e+01  -7.1194711e+01  -3.7875233e+01  -3.7870789e+01  -3.7870789e+01  -3.7875233e+01   4.7945952e+01  -1.3097602e+01
   3.5385127e-02   1.3225847e-03  -7.1201565e+01  -3.7873062e+01  -7.1203600e+01  -7.1203600e+01  -7.1199156e+01  -7.1199156e+01  -3.7875233e+01  -3.7870789e+01  -3.7870789e+01  -3.7875233e+01   4.7926350e+01  -1.3097595e+01
   3.9116146e-02   1.6537450e-03  -7.1201580e+01  -3.7869245e+01  -7.1203600e+01  -7.1203600e+01  -7.1199156e+01  -7.1199156e+01  -3.7870789e+01  -3.7866344e+01  -3.7866344e+01  -3.7870789e+01   4.7936589e+01  -1.3097599e+01
   4.0061258e-02   1.3923896e-03  -7.1197093e+01  -3.7868819e+01  -7.1199156e+01  -7.1199156e+01  -7.1194711e+01  -7.1194711e+01  -3.7870789e+01  -3.7866344e+01  -3.7866344e+01  -3.7870789e+01   4.7959147e+01  -1.3097608e+01
   4.5505455e-02   1.4784084e-03  -7.1196797e+01  -3.7863987e+01  -7.1199156e+01  -7.1199156e+01  -7.1194711e+01  -7.1194711e+01  -3.7866344e+01  -3.7861900e+01  -3.7861900e+01  -3.7866344e+01   4.7973895e+01  -1.3097614e+01
   4.2006013e-02   1.3654709e-03  -7.1201765e+01  -3.7864123e+01  -7.1203600e+01  -7.1203600e+01  -7.1199156e+01  -7.1199156e+01  -3.7866344e+01  -3.7861900e+01  -3.7861900e+01  -3.7866344e+01   4.7947738e+01  -1.3097604e+01
   3.4705934e-02   1.3145116e-03  -7.1210445e+01  -3.7868681e+01  -7.1212489e+01  -7.1212489e+01  -7.1208045e+01  -7.1208045e+01  -3.7870789e+01  -3.7866344e+01  -3.7866344e+01  -3.7870789e+01   4.7894823e+01  -1.3097583e+01
   3.6049904e-02   1.3079683e-03  -7.1205938e+01  -3.7868709e+01  -7.1208045e+01  -7.1208045e+01  -7.1203600e+01  -7.1203600e+01  -3.7870789e+01  -3.7866344e+01  -3.7866344e+01  -3.7870789e+01   4.7916788e+01  -1.3097592e+01
   3.8937146e-02   1.3171752e-03  -7.1205943e+01  -3.7864225e+01  -7.1208045e+01  -7.1208045e+01  -7.1203600e+01  -7.1203600e+01  -3.7866344e+01  -3.7861900e+01  -3.7861900e+01  -3.7866344e+01   4.7926279e+01  -1.3097595e+01
   3.7856357e-02   1.3041194e-03  -7.1210406e+01  -3.7864261e+01  -7.1212489e+01  -7.1212489e+01  -7.1208045e+01  -7.1208045e+01  -3.7866344e+01  -3.7861900e+01  -3.7861900e+01  -3.7866344e+01   4.7904751e+01  -1.3097587e+01
   2.2061904e-02   1.3105660e-03  -7.1165993e+01  -3.7886450e+01  -7.1168045e+01  -7.1168045e+01  -7.1163600e+01  -7.1163600e+01  -3.7888566e+01  -3.7884122e+01  -3.7884122e+01  -3.7888566e+01   4.8044554e+01  -1.3097641e+01
   2.0637353e-02   1.3786019e-03  -7.1161817e+01  -3.7886245e+01  -7.1163600e+01  -7.1163600e+01  -7.1159156e+01  -7.1159156e+01  -3.7888566e+01  -3.7884122e+01  -3.7884122e+01  -3.7888566e+01   4.8061728e+01  -1.3097647e+01
   2.5571032e-02   1.3092639e-03  -7.1161527e+01  -3.7882010e+01  -7.1163600e+01  -7.1163600e+01  -7.1159156e+01  -7.1159156e+01  -3.7884122e+01  -3.7879677e+01  -3.7879677e+01  -3.7884122e+01   4.8076341e+01  -1.3097653e+01
   2.5238041e-02   1.3041194e-03  -7.1165961e+01  -3.7882039e+01  -7.1168045e+01  -7.1168045e+01  -7.1163600e+01  -7.1163600e+01  -3.7884122e+01  -3.7879677e+01  -3.7879677e+01  -3.7884122e+01   4.8057479e+01  -1.3097646e+01
   2.1272754e-02   1.3041194e-03  -7.1174850e+01  -3.7886483e+01  -7.1176934e+01  -7.1176934e+01  -7.1172489e+01  -7.1172489e+01  -3.7888566e+01  -3.7884122e+01  -3.7884122e+01  -3.7888566e+01   4.8004331e+01  -1.3097625e+01
   2.1437315e-02   1.3041194e-03  -7.1170406e+01  -3.7886483e+01  -7.1172489e+01  -7.1172489e+01  -7.1168045e+01  -7.1168045e+01  -3.7888566e+01  -3.7884122e+01  -3.7884122e+01  -3.7888566e+01   4.8024663e+01  -1.3097633e+01
   2.3950484e-02   1.3041194e-03  -7.1170406e+01  -3.7882039e+01  -7.1172489e+01  -7.1172489e+01  -7.1168045e+01  -7.1168045e+01  -3.7884122e+01  -3.7879677e+01  -3.7879677e+01  -3.7884122e+01   4.8037702e+01  -1.3097638e+01
   2.4792000e-02   1.3053960e-03  -7.1174846e+01  -3.7882047e+01  -7.1176934e+01  -7.1176934e+01  -7.1172489e+01  -7.1172489e+01  -3.7884122e+01  -3.7879677e+01  -3.7879677e+01  -3.7884122e+01   4.8018717e+01  -1.3097631e+01
   2.6084033e-02   1.5861011e-03  -7.1153028e+01  -3.7881185e+01  -7.1154711e+01  -7.1154711e+01  -7.1150267e+01  -7.1150267e+01  -3.7884122e+01  -3.7879677e+01  -3.7879677e+01  -3.7884122e+01   4.8112503e+01  -1.3097666e+01
   2.4661159e-02   1.3786019e-03  -7.1157325e+01  -3.7881679e+01  -7.1159156e+01  -7.1159156e+01  -7.1154711e+01  -7.1154711e+01  -3.7884122e+01  -3.7879677e+01  -3.7879677e+01  -3.7884122e+01   4.8094090e+01  -1.3097660e+01
   2.8803353e-02   1.3041194e-03  -7.1157073e+01  -3.7877594e+01  -7.1159156e+01  -7.1159156e+01  -7.1154711e+01  -7.1154711e+01  -3.7879677e+01  -3.7875233e+01  -3.7875233e+01  -3.7879677e+01   4.8109026e+01  -1.3097665e+01
   2.7972377e-02   1.3158400e-03  -7.1152657e+01  -3.7877631e+01  -7.1154711e+01  -7.1154711e+01  -7.1150267e+01  -7.1150267e+01  -3.7879677e+01  -3.7875233e+01  -3.7875233e+01  -3.7879677e+01   4.8125506e+01  -1.3097672e+01
   3.1184681e-02   1.3906282e-03  -7.1152646e+01  -3.7873022e+01  -7.1154711e+01  -7.1154711e+01  -7.1150267e+01  -7.1150267e+01  -3.7875233e+01  -3.7870789e+01  -3.7870789e+01  -3.7875233e+01   4.8135874e+01  -1.3097676e+01
   3.3607719e-02   1.4144396e-03  -7.1157160e+01  -3.7873280e+01  -7.1159156e+01  -7.1159156e+01  -7.1154711e+01  -7.1154711e+01  -3.7875233e+01  -3.7870789e+01  -3.7870789e+01  -3.7875233e+01   4.8120906e+01  -1.3097670e+01
   2.9181142e-02   1.8902547e-03  -7.1149065e+01  -3.7877134e+01  -7.1150267e+01  -7.1150267e+01  -7.1145823e+01  -7.1145823e+01  -3.7879677e+01  -3.7875233e+01  -3.7875233e+01  -3.7879677e+01   4.8139685e+01  -1.3097678e+01
   1.5510247e-02   1.5006835e-03  -7.1143184e+01  -3.7876915e+01  -7.1145823e+01  -7.1145823e+01  -7.1141378e+01  -7.1141378e+01  -3.7879677e+01  -3.7875233e+01  -3.7875233e+01  -3.7879677e+01   4.8154777e+01  -1.3097682e+01
   2.1368410e-02   1.3092639e-03  -7.1143707e+01  -3.7873121e+01  -7.1145823e+01  -7.1145823e+01  -7.1141378e+01  -7.1141378e+01  -3.7875233e+01  -3.7870789e+01  -3.7870789e+01  -3.7875233e+01   4.8161188e+01  -1.3097685e+01
   2.4862780e-02   1.4667204e-03  -7.1147494e+01  -3.7872947e+01  -7.1150267e+01  -7.1150267e+01  -7.1145823e+01  -7.1145823e+01  -3.7875233e+01  -3.7870789e+01  -3.7870789e+01  -3.7875233e+01   4.8148515e+01  -1.3097680e+01
   3.2394316e-02   1.3575731e-03  -7.1148181e+01  -3.7868587e+01  -7.1150267e+01  -7.1150267e+01  -7.1145823e+01  -7.1145823e+01  -3.7870789e+01  -3.7866344e+01  -3.7866344e+01  -3.7870789e+01   4.8160930e+01  -1.3097685e+01
   2.9361320e-02   1.3995487e-03  -7.1143966e+01  -3.7869122e+01  -7.1145823e+01  -7.1145823e+01  -7.1141378e+01  -7.1141378e+01  -3.7870789e+01  -3.7866344e+01  -3.7866344e+01  -3.7870789e+01   4.8171252e+01  -1.3097688e+01
   3.7928055e-02   1.9243271e-03  -7.1149115e+01  -3.7865691e+01  -7.1150267e+01  -7.1150267e+01  -7.1145823e+01  -7.1145823e+01  -3.7866344e+01  -3.7861900e+01  -3.7861900e+01  -3.7866344e+01   4.8167018e+01  -1.3097687e+01
   3.8881665e-02   1.6071137e-03  -7.1156546e+01  -3.7869285e+01  -7.1159156e+01  -7.1159156e+01  -7.1154711e+01  -7.1154711e+01  -3.7870789e+01  -3.7866344e+01  -3.7866344e+01  -3.7870789e+01   4.8132693e+01  -1.3097674e+01
   3.7291133e-02   1.3225847e-03  -7.1152643e+01  -3.7868697e+01  -7.1154711e+01  -7.1154711e+01  -7.1150267e+01  -7.1150267e+01  -3.7870789e+01  -3.7866344e+01  -3.7866344e+01  -3.7870789e+01   4.8147075e+01  -1.3097680e+01
   4.4085821e-02   1.6753107e-03  -7.1152513e+01  -3.7865351e+01  -7.1154711e+01  -7.1154711e+01  -7.1150267e+01  -7.1150267e+01  -3.7866344e+01  -3.7861900e+01  -3.7861900e+01  -3.7866344e+01   4.8156499e+01  -1.3097684e+01
   4.9364765e-02   1.6035143e-03  -7.1156653e+01  -3.7864308e+01  -7.1159156e+01  -7.1159156e+01  -7.1154711e+01  -7.1154711e+01  -3.7866344e+01  -3.7861900e+01  -3.7861900e+01  -3.7866344e+01   4.8148323e+01  -1.3097680e+01
   2.9928013e-02   1.3105660e-03  -7.1174880e+01  -3.7877590e+01  -7.1176934e+01  -7.1176934e+01  -7.1172489e+01  -7.1172489e+01  -3.7879677e+01  -3.7875233e+01  -3.7875233e+01  -3.7879677e+01   4.8033530e+01  -1.3097636e+01
   2.7503792e-02   1.3483894e-03  -7.1170267e+01  -3.7877730e+01  -7.1172489e+01  -7.1172489e+01  -7.1168045e+01  -7.1168045e+01  -3.7879677e+01  -3.7875233e+01  -3.7875233e+01  -3.7879677e+01   4.8052776e+01  -1.3097644e+01
   3.5542223e-02   1.4576940e-03  -7.1170035e+01  -3.7873121e+01  -7.1172489e+01  -7.1172489e+01  -7.1168045e+01  -7.1168045e+01  -3.7875233e+01  -3.7870789e+01  -3.7870789e+01  -3.7875233e+01   4.8071015e+01  -1.3097651e+01
   3.4219057e-02   1.5084931e-03  -7.1174397e+01  -3.7873768e+01  -7.1176934e+01  -7.1176934e+01  -7.1172489e+01  -7.1172489e+01  -3.7875233e+01  -3.7870789e+01  -3.7870789e+01  -3.7875233e+01   4.8049075e+01  -1.3097642e+01
   2.9463422e-02   1.3309120e-03  -7.1165879e+01  -3.7877720e+01  -7.1168045e+01  -7.1168045e+01  -7.1163600e+01  -7.1163600e+01  -3.7879677e+01  -3.7875233e+01  -3.7875233e+01  -3.7879677e+01   4.8072133e+01  -1.3097651e+01
   2.9367150e-02   1.3053960e-03  -7.1161521e+01  -3.7877599e+01  -7.1163600e+01  -7.1163600e+01  -7.1159156e+01  -7.1159156e+01  -3.7879677e+01  -3.7875233e+01  -3.7875233e+01  -3.7879677e+01   4.8091600e+01  -1.3097659e+01
   3.5110029e-02   1.4404402e-03  -7.1161397e+01  -3.7873571e+01  -7.1163600e+01  -7.1163600e+01  -7.1159156e+01  -7.1159156e+01  -3.7875233e+01  -3.7870789e+01  -3.7870789e+01  -3.7875233e+01   4.8105257e+01  -1.3097664e+01
   3.5465591e-02   1.3591344e-03  -7.1165913e+01  -3.7873150e+01  -7.1168045e+01  -7.1168045e+01  -7.1163600e+01  -7.1163600e+01  -3.7875233e+01  -3.7870789e+01  -3.7870789e+01  -3.7875233e+01   4.8088894e+01  -1.3097658e+01
   3.8854303e-02   1.8371685e-03  -7.1165562e+01  -3.7869994e+01  -7.1168045e+01  -7.1168045e+01  -7.1163600e+01  -7.1163600e+01  -3.7870789e+01  -3.7866344e+01  -3.7866344e+01  -3.7870789e+01   4.8101509e+01  -1.3097663e+01
   4.2505551e-02   1.5360821e-03  -7.1161683e+01  -3.7868284e+01  -7.1163600e+01  -7.1163600e+01  -7.1159156e+01  -7.1159156e+01  -3.7870789e+01  -3.7866344e+01  -3.7866344e+01  -3.7870789e+01   4.8120220e+01  -1.3097670e+01
   4.9858999e-02   1.7335001e-03  -7.1160663e+01  -3.7865318e+01  -7.1163600e+01  -7.1163600e+01  -7.1159156e+01  -7.1159156e+01  -3.7866344e+01  -3.7861900e+01  -3.7861900e+01  -3.7866344e+01   4.8134344e+01  -1.3097676e+01
   6.6902967e-02   1.5760937e-03  -7.1161191e+01  -3.7846414e+01  -7.1163600e+01  -7.1163600e+01  -7.1159156e+01  -7.1159156e+01  -3.7848566e+01  -3.7844122e+01  -3.7844122e+01  -3.7848566e+01   4.8159998e+01  -1.3097685e+01
   7.1430181e-02   1.7609809e-03  -7.1165693e+01  -3.7846034e+01  -7.1168045e+01  -7.1168045e+01  -7.1163600e+01  -7.1163600e+01  -3.7848566e+01  -3.7844122e+01  -3.7844122e+01  -3.7848566e+01   4.8141741e+01  -1.3097678e+01
   7.1504446e-02   1.4856498e-03  -7.1174744e+01  -3.7850240e+01  -7.1176934e+01  -7.1176934e+01  -7.1172489e+01  -7.1172489e+01  -3.7853011e+01  -3.7848566e+01  -3.7848566e+01  -3.7853011e+01   4.8099282e+01  -1.3097662e+01
   6.9087938e-02   1.5448684e-03  -7.1171284e+01  -3.7850705e+01  -7.1172489e+01  -7.1172489e+01  -7.1168045e+01  -7.1168045e+01  -3.7853011e+01  -3.7848566e+01  -3.7848566e+01  -3.7853011e+01   4.8116153e+01  -1.3097668e+01
   7.5904636e-02   1.3514161e-03  -7.1170602e+01  -3.7846413e+01  -7.1172489e+01  -7.1172489e+01  -7.1168045e+01  -7.1168045e+01  -3.7848566e+01  -3.7844122e+01  -3.7844122e+01  -3.7848566e+01   4.8120630e+01  -1.3097670e+01
   7.7881772e-02   1.3871385e-03  -7.1174823e+01  -3.7846348e+01  -7.1176934e+01  -7.1176934e+01  -7.1172489e+01  -7.1172489e+01  -3.7848566e+01  -3.7844122e+01  -3.7844122e+01  -3.7848566e+01   4.8100060e+01  -1.3097662e+01
   4.8067462e-02   1.4342268e-03  -7.1143291e+01  -3.7855135e+01  -7.1145823e+01  -7.1145823e+01  -7.1141378e+01  -7.1141378e+01  -3.7857455e+01  -3.7853011e+01  -3.7853011e+01  -3.7857455e+01   4.8210223e+01  -1.3097703e+01
   5.5055431e-02   1.3819850e-03  -7.1147811e+01  -3.7850797e+01  -7.1150267e+01  -7.1150267e+01  -7.1145823e+01  -7.1145823e+01  -3.7853011e+01  -3.7848566e+01  -3.7848566e+01  -3.7853011e+01   4.8197973e+01  -1.3097700e+01
   5.1683941e-02   1.3819850e-03  -7.1143901e+01  -3.7851073e+01  -7.1145823e+01  -7.1145823e+01  -7.1141378e+01  -7.1141378e+01  -3.7853011e+01  -3.7848566e+01  -3.7848566e+01  -3.7853011e+01   4.8211287e+01  -1.3097704e+01
   5.2269962e-02   1.3323256e-03  -7.1143860e+01  -3.7846349e+01  -7.1145823e+01  -7.1145823e+01  -7.1141378e+01  -7.1141378e+01  -3.7848566e+01  -3.7844122e+01  -3.7844122e+01  -3.7848566e+01   4.8216331e+01  -1.3097706e+01
   5.7511804e-02   1.3131898e-03  -7.1148165e+01  -3.7846517e+01  -7.1150267e+01  -7.1150267e+01  -7.1145823e+01  -7.1145823e+01  -3.7848566e+01  -3.7844122e+01  -3.7844122e+01  -3.7848566e+01   4.8199865e+01  -1.3097700e+01
   6.2216799e-02   1.4981248e-03  -7.1151939e+01  -3.7846112e+01  -7.1154711e+01  -7.1154711e+01  -7.1150267e+01  -7.1150267e+01  -3.7848566e+01  -3.7844122e+01  -3.7844122e+01  -3.7848566e+01   4.8186996e+01  -1.3097694e+01
   6.6328355e-02   1.6936229e-03  -7.1157252e+01  -3.7846128e+01  -7.1159156e+01  -7.1159156e+01  -7.1154711e+01  -7.1154711e+01  -3.7848566e+01  -3.7844122e+01  -3.7844122e+01  -3.7848566e+01   4.8173669e+01  -1.3097690e+01
   6.8375273e-02   1.8590001e-03  -7.1157427e+01  -3.7842281e+01  -7.1159156e+01  -7.1159156e+01  -7.1154711e+01  -7.1154711e+01  -3.7844122e+01  -3.7839678e+01  -3.7839678e+01  -3.7844122e+01   4.8175522e+01  -1.3097690e+01
   6.4831814e-02   1.3575731e-03  -7.1152557e+01  -3.7842137e+01  -7.1154711e+01  -7.1154711e+01  -7.1150267e+01  -7.1150267e+01  -3.7844122e+01  -3.7839678e+01  -3.7839678e+01  -3.7844122e+01   4.8189981e+01  -1.3097695e+01
   6.7693932e-02   1.4554804e-03  -7.1152693e+01  -3.7837253e+01  -7.1154711e+01  -7.1154711e+01  -7.1150267e+01  -7.1150267e+01  -3.7839678e+01  -3.7835233e+01  -3.7835233e+01  -3.7839678e+01   4.8197208e+01  -1.3097699e+01
   6.7459554e-02   1.4446582e-03  -7.1157060e+01  -3.7837181e+01  -7.1159156e+01  -7.1159156e+01  -7.1154711e+01  -7.1154711e+01  -3.7839678e+01  -3.7835233e+01  -3.7835233e+01  -3.7839678e+01   4.8180552e+01  -1.3097693e+01
   5.9509666e-02   1.3607047e-03  -7.1148343e+01  -3.7842298e+01  -7.1150267e+01  -7.1150267e+01  -7.1145823e+01  -7.1145823e+01  -3.7844122e+01  -3.7839678e+01  -3.7839678e+01  -3.7844122e+01   4.8204539e+01  -1.3097702e+01
   5.5467681e-02   1.4068956e-03  -7.1143794e+01  -3.7842471e+01  -7.1145823e+01  -7.1145823e+01  -7.1141378e+01  -7.1141378e+01  -3.7844122e+01  -3.7839678e+01  -3.7839678e+01  -3.7844122e+01   4.8220899e+01  -1.3097708e+01
   5.6473254e-02   1.4599246e-03  -7.1143926e+01  -3.7837374e+01  -7.1145823e+01  -7.1145823e+01  -7.1141378e+01  -7.1141378e+01  -3.7839678e+01  -3.7835233e+01  -3.7835233e+01  -3.7839678e+01   4.8227413e+01  -1.3097710e+01
   6.4264167e-02   1.4321852e-03  -7.1148521e+01  -3.7837774e+01  -7.1150267e+01  -7.1150267e+01  -7.1145823e+01  -7.1145823e+01  -3.7839678e+01  -3.7835233e+01  -3.7835233e+01  -3.7839678e+01   4.8210291e+01  -1.3097703e+01
   5.8642259e-02   1.7179978e-03  -7.1148022e+01  -3.7832743e+01  -7.1150267e+01  -7.1150267e+01  -7.1145823e+01  -7.1145823e+01  -3.7835233e+01  -3.7830789e+01  -3.7830789e+01  -3.7835233e+01   4.8216564e+01  -1.3097706e+01
   5.3158027e-02   1.6797962e-03  -7.1143152e+01  -3.7833489e+01  -7.1145823e+01  -7.1145823e+01  -7.1141378e+01  -7.1141378e+01  -3.7835233e+01  -3.7830789e+01  -3.7830789e+01  -3.7835233e+01   4.8235764e+01  -1.3097714e+01
   5.3488197e-02   1.7179978e-03  -7.1143578e+01  -3.7828857e+01  -7.1145823e+01  -7.1145823e+01  -7.1141378e+01  -7.1141378e+01  -3.7830789e+01  -3.7826344e+01  -3.7826344e+01  -3.7830789e+01   4.8241286e+01  -1.3097716e+01
   5.9192019e-02   1.5539119e-03  -7.1147903e+01  -3.7828706e+01  -7.1150267e+01  -7.1150267e+01  -7.1145823e+01  -7.1145823e+01  -3.7830789e+01  -3.7826344e+01  -3.7826344e+01  -3.7830789e+01   4.8222518e+01  -1.3097709e+01
   6.6407897e-02   1.8099437e-03  -7.1157304e+01  -3.7834561e+01  -7.1159156e+01  -7.1159156e+01  -7.1154711e+01  -7.1154711e+01  -3.7835233e+01  -3.7830789e+01  -3.7830789e+01  -3.7835233e+01   4.8179689e+01  -1.3097693e+01
   6.4751724e-02   1.7031648e-03  -7.1153196e+01  -3.7834204e+01  -7.1154711e+01  -7.1154711e+01  -7.1150267e+01  -7.1150267e+01  -3.7835233e+01  -3.7830789e+01  -3.7830789e+01  -3.7835233e+01   4.8197253e+01  -1.3097699e+01
   5.5842038e-02   1.7080380e-03  -7.1153220e+01  -3.7828665e+01  -7.1154711e+01  -7.1154711e+01  -7.1150267e+01  -7.1150267e+01  -3.7830789e+01  -3.7826344e+01  -3.7826344e+01  -3.7830789e+01   4.8198952e+01  -1.3097700e+01
   8.1599824e-02   1.3439121e-03  -7.1174790e+01  -3.7842174e+01  -7.1176934e+01  -7.1176934e+01  -7.1172489e+01  -7.1172489e+01  -3.7844122e+01  -3.7839678e+01  -3.7839678e+01  -3.7844122e+01   4.8101188e+01  -1.3097662e+01
   7.9379431e-02   1.3575731e-03  -7.1170407e+01  -3.7841976e+01  -7.1172489e+01  -7.1172489e+01  -7.1168045e+01  -7.1168045e+01  -3.7844122e+01  -3.7839678e+01  -3.7839678e+01  -3.7844122e+01   4.8122031e+01  -1.3097670e+01
   7.4644692e-02   1.3719578e-03  -7.1170579e+01  -3.7837837e+01  -7.1172489e+01  -7.1172489e+01  -7.1168045e+01  -7.1168045e+01  -3.7839678e+01  -3.7835233e+01  -3.7835233e+01  -3.7839678e+01   4.8122513e+01  -1.3097671e+01
   7.6189842e-02   1.3295058e-03  -7.1174779e+01  -3.7837648e+01  -7.1176934e+01  -7.1176934e+01  -7.1172489e+01  -7.1172489e+01  -3.7839678e+01  -3.7835233e+01  -3.7835233e+01  -3.7839678e+01   4.8102851e+01  -1.3097663e+01
   7.6112544e-02   1.7080380e-03  -7.1166372e+01  -3.7841651e+01  -7.1168045e+01  -7.1168045e+01  -7.1163600e+01  -7.1163600e+01  -3.7844122e+01  -3.7839678e+01  -3.7839678e+01  -3.7844122e+01   4.8139170e+01  -1.3097677e+01
   7.1907257e-02   1.4163575e-03  -7.1161374e+01  -3.7841974e+01  -7.1163600e+01  -7.1163600e+01  -7.1159156e+01  -7.1159156e+01  -3.7844122e+01  -3.7839678e+01  -3.7839678e+01  -3.7844122e+01   4.8161051e+01  -1.3097686e+01
   6.9017327e-02   1.4087628e-03  -7.1161759e+01  -3.7837613e+01  -7.1163600e+01  -7.1163600e+01  -7.1159156e+01  -7.1159156e+01  -3.7839678e+01  -3.7835233e+01  -3.7835233e+01  -3.7839678e+01   4.8161787e+01  -1.3097686e+01
   7.1649188e-02   1.5929527e-03  -7.1166540e+01  -3.7837675e+01  -7.1168045e+01  -7.1168045e+01  -7.1163600e+01  -7.1163600e+01  -3.7839678e+01  -3.7835233e+01  -3.7835233e+01  -3.7839678e+01   4.8140097e+01  -1.3097678e+01
   6.7318488e-02   1.5332082e-03  -7.1165959e+01  -3.7833218e+01  -7.1168045e+01  -7.1168045e+01  -7.1163600e+01  -7.1163600e+01  -3.7835233e+01  -3.7830789e+01  -3.7830789e+01  -3.7835233e+01   4.8145348e+01  -1.3097679e+01
   6.6308195e-02   1.5006835e-03  -7.1162270e+01  -3.7832999e+01  -7.1163600e+01  -7.1163600e+01  -7.1159156e+01  -7.1159156e+01  -3.7835233e+01  -3.7830789e+01  -3.7830789e+01  -3.7835233e+01   4.8161023e+01  -1.3097686e+01
   6.9785676e-02   1.3906282e-03  -7.1170289e+01  -3.7833325e+01  -7.1172489e+01  -7.1172489e+01  -7.1168045e+01  -7.1168045e+01  -3.7835233e+01  -3.7830789e+01  -3.7830789e+01  -3.7835233e+01   4.8126392e+01  -1.3097672e+01
   6.5973884e-02   1.5165102e-03  -7.1175172e+01  -3.7828201e+01  -7.1176934e+01  -7.1176934e+01  -7.1172489e+01  -7.1172489e+01  -3.7830789e+01  -3.7826344e+01  -3.7826344e+01  -3.7830789e+01   4.8104691e+01  -1.3097664e+01
   4.6842576e-02   1.3185172e-03  -7.1210428e+01  -3.7859882e+01  -7.1212489e+01  -7.1212489e+01  -7.1208045e+01  -7.1208045e+01  -3.7861900e+01  -3.7857455e+01  -3.7857455e+01  -3.7861900e+01   4.7908464e+01  -1.3097589e+01
   4.6129498e-02   1.3145116e-03  -7.1205921e+01  -3.7859863e+01  -7.1208045e+01  -7.1208045e+01  -7.1203600e+01  -7.1203600e+01  -3.7861900e+01  -3.7857455e+01  -3.7857455e+01  -3.7861900e+01   4.7931983e+01  -1.3097598e+01
   5.2739514e-02   1.3906282e-03  -7.1205881e+01  -3.7855414e+01  -7.1208045e+01  -7.1208045e+01  -7.1203600e+01  -7.1203600e+01  -3.7857455e+01  -3.7853011e+01  -3.7853011e+01  -3.7857455e+01   4.7938460e+01  -1.3097600e+01
   5.2092706e-02   1.4241614e-03  -7.1210471e+01  -3.7855177e+01  -7.1212489e+01  -7.1212489e+01  -7.1208045e+01  -7.1208045e+01  -3.7857455e+01  -3.7853011e+01  -3.7853011e+01  -3.7857455e+01   4.7915650e+01  -1.3097591e+01
   4.6698424e-02   1.3066790e-03  -7.1201504e+01  -3.7859824e+01  -7.1203600e+01  -7.1203600e+01  -7.1199156e+01  -7.1199156e+01  -3.7861900e+01  -3.7857455e+01  -3.7857455e+01  -3.7861900e+01   4.7955649e+01  -1.3097607e+01
   4.8470024e-02   1.3295058e-03  -7.1197075e+01  -3.7859784e+01  -7.1199156e+01  -7.1199156e+01  -7.1194711e+01  -7.1194711e+01  -3.7861900e+01  -3.7857455e+01  -3.7857455e+01  -3.7861900e+01   4.7979138e+01  -1.3097616e+01
   5.2592136e-02   1.5964346e-03  -7.1197886e+01  -3.7855584e+01  -7.1199156e+01  -7.1199156e+01  -7.1194711e+01  -7.1194711e+01  -3.7857455e+01  -3.7853011e+01  -3.7853011e+01  -3.7857455e+01   4.7979961e+01  -1.3097617e+01
   5.2816805e-02   1.4013675e-03  -7.1201387e+01  -3.7855593e+01  -7.1203600e+01  -7.1203600e+01  -7.1199156e+01  -7.1199156e+01  -3.7857455e+01  -3.7853011e+01  -3.7853011e+01  -3.7857455e+01   4.7961574e+01  -1.3097608e+01
   5.4391202e-02   1.4087628e-03  -7.1201739e+01  -3.7850536e+01  -7.1203600e+01  -7.1203600e+01  -7.1199156e+01  -7.1199156e+01  -3.7853011e+01  -3.7848566e+01  -3.7848566e+01  -3.7853011e+01   4.7969351e+01  -1.3097612e+01
   5.6124166e-02   1.4621724e-03  -7.1197083e+01  -3.7850723e+01  -7.1199156e+01  -7.1199156e+01  -7.1194711e+01  -7.1194711e+01  -3.7853011e+01  -3.7848566e+01  -3.7848566e+01  -3.7853011e+01   4.7990965e+01  -1.3097620e+01
   5.7440279e-02   1.3941622e-03  -7.1196846e+01  -3.7846591e+01  -7.1199156e+01  -7.1199156e+01  -7.1194711e+01  -7.1194711e+01  -3.7848566e+01  -3.7844122e+01  -3.7844122e+01  -3.7848566e+01   4.7997131e+01  -1.3097623e+01
   5.4048848e-02   1.3337467e-03  -7.1201580e+01  -3.7846578e+01  -7.1203600e+01  -7.1203600e+01  -7.1199156e+01  -7.1199156e+01  -3.7848566e+01  -3.7844122e+01  -3.7844122e+01  -3.7848566e+01   4.7975773e+01  -1.3097614e+01
   5.1941185e-02   1.3118746e-03  -7.1210408e+01  -3.7850902e+01  -7.1212489e+01  -7.1212489e+01  -7.1208045e+01  -7.1208045e+01  -3.7853011e+01  -3.7848566e+01  -3.7848566e+01  -3.7853011e+01   4.7923073e+01  -1.3097594e+01
   5.3215184e-02   1.3366119e-03  -7.1205970e+01  -3.7850898e+01  -7.1208045e+01  -7.1208045e+01  -7.1203600e+01  -7.1203600e+01  -3.7853011e+01  -3.7848566e+01  -3.7848566e+01  -3.7853011e+01   4.7947171e+01  -1.3097603e+01
   5.3332441e-02   1.3145116e-03  -7.1206021e+01  -3.7846430e+01  -7.1208045e+01  -7.1208045e+01  -7.1203600e+01  -7.1203600e+01  -3.7848566e+01  -3.7844122e+01  -3.7844122e+01  -3.7848566e+01   4.7953107e+01  -1.3097606e+01
   4.9204852e-02   1.3239545e-03  -7.1210369e+01  -3.7846531e+01  -7.1212489e+01  -7.1212489e+01  -7.1208045e+01  -7.1208045e+01  -3.7848566e+01  -3.7844122e+01  -3.7844122e+01  -3.7848566e+01   4.7928280e+01  -1.3097596e+01
   4.7923529e-02   1.3977416e-03  -7.1192373e+01  -3.7860116e+01  -7.1194711e+01  -7.1194711e+01  -7.1190267e+01  -7.1190267e+01  -3.7861900e+01  -3.7857455e+01  -3.7857455e+01  -3.7861900e+01   4.8003361e+01  -1.3097624e+01
   5.1346731e-02   1.3654709e-03  -7.1188488e+01  -3.7859637e+01  -7.1190267e+01  -7.1190267e+01  -7.1185822e+01  -7.1185822e+01  -3.7861900e+01  -3.7857455e+01  -3.7857455e+01  -3.7861900e+01   4.8026248e+01  -1.3097634e+01
   5.6751595e-02   1.3923896e-03  -7.1188098e+01  -3.7855547e+01  -7.1190267e+01  -7.1190267e+01  -7.1185822e+01  -7.1185822e+01  -3.7857455e+01  -3.7853011e+01  -3.7853011e+01  -3.7857455e+01   4.8032589e+01  -1.3097637e+01
   5.3638729e-02   1.5478537e-03  -7.1191774e+01  -3.7855317e+01  -7.1194711e+01  -7.1194711e+01  -7.1190267e+01  -7.1190267e+01  -3.7857455e+01  -3.7853011e+01  -3.7853011e+01  -3.7857455e+01   4.8011808e+01  -1.3097628e+01
   5.9360904e-02   1.3654709e-03  -7.1183973e+01  -3.7855116e+01  -7.1185822e+01  -7.1185822e+01  -7.1181378e+01  -7.1181378e+01  -3.7857455e+01  -3.7853011e+01  -3.7853011e+01  -3.7857455e+01   4.8056473e+01  -1.3097646e+01
   6.5466078e-02   1.3041194e-03  -7.1183739e+01  -3.7850927e+01  -7.1185822e+01  -7.1185822e+01  -7.1181378e+01  -7.1181378e+01  -3.7853011e+01  -3.7848566e+01  -3.7848566e+01  -3.7853011e+01   4.8057353e+01  -1.3097646e+01
   6.8058388e-02   1.5600906e-03  -7.1179625e+01  -3.7850837e+01  -7.1181378e+01  -7.1181378e+01  -7.1176934e+01  -7.1176934e+01  -3.7853011e+01  -3.7848566e+01  -3.7848566e+01  -3.7853011e+01   4.8077724e+01  -1.3097653e+01
   7.3963354e-02   1.3703216e-03  -7.1179315e+01  -3.7846593e+01  -7.1181378e+01  -7.1181378e+01  -7.1176934e+01  -7.1176934e+01  -3.7848566e+01  -3.7844122e+01  -3.7844122e+01  -3.7848566e+01   4.8079294e+01  -1.3097654e+01
   7.1710339e-02   1.3105660e-03  -7.1183699e+01  -3.7846517e+01  -7.1185822e+01  -7.1185822e+01  -7.1181378e+01  -7.1181378e+01  -3.7848566e+01  -3.7844122e+01  -3.7844122e+01  -3.7848566e+01   4.8057517e+01  -1.3097646e+01
   5.6138514e-02   1.6071137e-03  -7.1192990e+01  -3.7851337e+01  -7.1194711e+01  -7.1194711e+01  -7.1190267e+01  -7.1190267e+01  -3.7853011e+01  -3.7848566e+01  -3.7848566e+01  -3.7853011e+01   4.8008798e+01  -1.3097627e+01
   6.2803451e-02   1.4050408e-03  -7.1187837e+01  -3.7850961e+01  -7.1190267e+01  -7.1190267e+01  -7.1185822e+01  -7.1185822e+01  -3.7853011e+01  -3.7848566e+01  -3.7848566e+01  -3.7853011e+01   4.8034766e+01  -1.3097637e+01
   6.8392273e-02   1.3769258e-03  -7.1188053e+01  -3.7846675e+01  -7.1190267e+01  -7.1190267e+01  -7.1185822e+01  -7.1185822e+01  -3.7848566e+01  -3.7844122e+01  -3.7844122e+01  -3.7848566e+01   4.8035105e+01  -1.3097637e+01
   6.1949532e-02   1.3802883e-03  -7.1192669e+01  -3.7846404e+01  -7.1194711e+01  -7.1194711e+01  -7.1190267e+01  -7.1190267e+01  -3.7848566e+01  -3.7844122e+01  -3.7844122e+01  -3.7848566e+01   4.8014148e+01  -1.3097629e+01
   6.8289970e-02   1.6414486e-03  -7.1192761e+01  -3.7842436e+01  -7.1194711e+01  -7.1194711e+01  -7.1190267e+01  -7.1190267e+01  -3.7844122e+01  -3.7839678e+01  -3.7839678e+01  -3.7844122e+01   4.8016266e+01  -1.3097629e+01
   7.4206720e-02   1.6414486e-03  -7.1188102e+01  -3.7842760e+01  -7.1190267e+01  -7.1190267e+01  -7.1185822e+01  -7.1185822e+01  -3.7844122e+01  -3.7839678e+01  -3.7839678e+01  -3.7844122e+01   4.8035636e+01  -1.3097637e+01
   7.0306977e-02   1.6708845e-03  -7.1188510e+01  -3.7837762e+01  -7.1190267e+01  -7.1190267e+01  -7.1185822e+01  -7.1185822e+01  -3.7839678e+01  -3.7835233e+01  -3.7835233e+01  -3.7839678e+01   4.8036932e+01  -1.3097638e+01
   6.4862114e-02   1.7609809e-03  -7.1192334e+01  -3.7837646e+01  -7.1194711e+01  -7.1194711e+01  -7.1190267e+01  -7.1190267e+01  -3.7839678e+01  -3.7835233e+01  -3.7835233e+01  -3.7839678e+01   4.8022960e+01  -1.3097631e+01
   7.7628774e-02   1.4321852e-03  -7.1183316e+01  -3.7842316e+01  -7.1185822e+01  -7.1185822e+01  -7.1181378e+01  -7.1181378e+01  -3.7844122e+01  -3.7839678e+01  -3.7839678e+01  -3.7844122e+01   4.8060423e+01  -1.3097647e+01
   8.0424376e-02   1.3654709e-03  -7.1179342e+01  -3.7842316e+01  -7.1181378e+01  -7.1181378e+01  -7.1176934e+01  -7.1176934e+01  -3.7844122e+01  -3.7839678e+01  -3.7839678e+01  -3.7844122e+01   4.8079528e+01  -1.3097654e+01
   8.2313349e-02   1.5247449e-03  -7.1179302e+01  -3.7838124e+01  -7.1181378e+01  -7.1181378e+01  -7.1176934e+01  -7.1176934e+01  -3.7839678e+01  -3.7835233e+01  -3.7835233e+01  -3.7839678e+01   4.8080479e+01  -1.3097654e+01
   7.9771007e-02   1.6797962e-03  -7.1183122e+01  -3.7837724e+01  -7.1185822e+01  -7.1185822e+01  -7.1181378e+01  -7.1181378e+01  -3.7839678e+01  -3.7835233e+01  -3.7835233e+01  -3.7839678e+01   4.8061169e+01  -1.3097647e+01
   6.9241775e-02   1.5964346e-03  -7.1184244e+01  -3.7833369e+01  -7.1185822e+01  -7.1185822e+01  -7.1181378e+01  -7.1181378e+01  -3.7835233e+01  -3.7830789e+01  -3.7830789e+01  -3.7835233e+01   4.8061305e+01  -1.3097648e+01
   6.7951889e-02   1.7031648e-03  -7.1178487e+01  -3.7828494e+01  -7.1181378e+01  -7.1181378e+01  -7.1176934e+01  -7.1176934e+01  -3.7830789e+01  -3.7826344e+01  -3.7826344e+01  -3.7830789e+01   4.8090785e+01  -1.3097658e+01
   6.5066336e-02   1.5895084e-03  -7.1183325e+01  -3.7828483e+01  -7.1185822e+01  -7.1185822e+01  -7.1181378e+01  -7.1181378e+01  -3.7830789e+01  -3.7826344e+01  -3.7826344e+01  -3.7830789e+01   4.8074050e+01  -1.3097651e+01
   6.0679710e-02   1.4050408e-03  -7.1193074e+01  -3.7832869e+01  -7.1194711e+01  -7.1194711e+01  -7.1190267e+01  -7.1190267e+01  -3.7835233e+01  -3.7830789e+01  -3.7830789e+01  -3.7835233e+01   4.8032934e+01  -1.3097636e+01
   6.4746762e-02   1.7080380e-03  -7.1188594e+01  -3.7832883e+01  -7.1190267e+01  -7.1190267e+01  -7.1185822e+01  -7.1185822e+01  -3.7835233e+01  -3.7830789e+01  -3.7830789e+01  -3.7835233e+01   4.8047817e+01  -1.3097642e+01
   6.4526410e-02   1.5929527e-03  -7.1187738e+01  -3.7829525e+01  -7.1190267e+01  -7.1190267e+01  -7.1185822e+01  -7.1185822e+01  -3.7830789e+01  -3.7826344e+01  -3.7826344e+01  -3.7830789e+01   4.8057539e+01  -1.3097646e+01
   5.0139466e-02   1.3309120e-03  -7.1210341e+01  -3.7842125e+01  -7.1212489e+01  -7.1212489e+01  -7.1208045e+01  -7.1208045e+01  -3.7844122e+01  -3.7839678e+01  -3.7839678e+01  -3.7844122e+01   4.7933160e+01  -1.3097598e+01
   5.5182947e-02   1.3483894e-03  -7.1206084e+01  -3.7842288e+01  -7.1208045e+01  -7.1208045e+01  -7.1203600e+01  -7.1203600e+01  -3.7844122e+01  -3.7839678e+01  -3.7839678e+01  -3.7844122e+01   4.7959223e+01  -1.3097608e+01
   5.4856074e-02   1.5632265e-03  -7.1205610e+01  -3.7837413e+01  -7.1208045e+01  -7.1208045e+01  -7.1203600e+01  -7.1203600e+01  -3.7839678e+01  -3.7835233e+01  -3.7835233e+01  -3.7839678e+01   4.7969090e+01  -1.3097612e+01
   5.1274242e-02   1.3854100e-03  -7.1210654e+01  -3.7837490e+01  -7.1212489e+01  -7.1212489e+01  -7.1208045e+01  -7.1208045e+01  -3.7839678e+01  -3.7835233e+01  -3.7835233e+01  -3.7839678e+01   4.7941722e+01  -1.3097601e+01
   5.3985422e-02   1.7785636e-03  -7.1202181e+01  -3.7842958e+01  -7.1203600e+01  -7.1203600e+01  -7.1199156e+01  -7.1199156e+01  -3.7844122e+01  -3.7839678e+01  -3.7839678e+01  -3.7844122e+01   4.7979774e+01  -1.3097616e+01
   6.1892599e-02   1.7785636e-03  -7.1196738e+01  -3.7842711e+01  -7.1199156e+01  -7.1199156e+01  -7.1194711e+01  -7.1194711e+01  -3.7844122e+01  -3.7839678e+01  -3.7839678e+01  -3.7844122e+01   4.8000514e+01  -1.3097624e+01
   5.6774961e-02   1.7609809e-03  -7.1196677e+01  -3.7836990e+01  -7.1199156e+01  -7.1199156e+01  -7.1194711e+01  -7.1194711e+01  -3.7839678e+01  -3.7835233e+01  -3.7835233e+01  -3.7839678e+01   4.8012789e+01  -1.3097628e+01
   5.7875921e-02   1.4808026e-03  -7.1202042e+01  -3.7837535e+01  -7.1203600e+01  -7.1203600e+01  -7.1199156e+01  -7.1199156e+01  -3.7839678e+01  -3.7835233e+01  -3.7835233e+01  -3.7839678e+01   4.7991030e+01  -1.3097620e+01
   5.2283188e-02   1.4981248e-03  -7.1201463e+01  -3.7833559e+01  -7.1203600e+01  -7.1203600e+01  -7.1199156e+01  -7.1199156e+01  -3.7835233e+01  -3.7830789e+01  -3.7830789e+01  -3.7835233e+01   4.7996942e+01  -1.3097623e+01
   5.6076528e-02   1.3959462e-03  -7.1196895e+01  -3.7833244e+01  -7.1199156e+01  -7.1199156e+01  -7.1194711e+01  -7.1194711e+01  -3.7835233e+01  -3.7830789e+01  -3.7830789e+01  -3.7835233e+01   4.8016033e+01  -1.3097630e+01
   5.1516269e-02   1.8165615e-03  -7.1197595e+01  -3.7829567e+01  -7.1199156e+01  -7.1199156e+01  -7.1194711e+01  -7.1194711e+01  -3.7830789e+01  -3.7826344e+01  -3.7826344e+01  -3.7830789e+01   4.8013707e+01  -1.3097628e+01
   4.8977243e-02   1.5032643e-03  -7.1201539e+01  -3.7828632e+01  -7.1203600e+01  -7.1203600e+01  -7.1199156e+01  -7.1199156e+01  -3.7830789e+01  -3.7826344e+01  -3.7826344e+01  -3.7830789e+01   4.8000280e+01  -1.3097625e+01
   4.4198253e-02   1.5508680e-03  -7.1211102e+01  -3.7833102e+01  -7.1212489e+01  -7.1212489e+01  -7.1208045e+01  -7.1208045e+01  -3.7835233e+01  -3.7830789e+01  -3.7830789e+01  -3.7835233e+01   4.7947431e+01  -1.3097603e+01
   4.7473729e-02   1.6144355e-03  -7.1205871e+01  -3.7832629e+01  -7.1208045e+01  -7.1208045e+01  -7.1203600e+01  -7.1203600e+01  -3.7835233e+01  -3.7830789e+01  -3.7830789e+01  -3.7835233e+01   4.7976234e+01  -1.3097615e+01
   4.6316920e-02   1.3802883e-03  -7.1206375e+01  -3.7828607e+01  -7.1208045e+01  -7.1208045e+01  -7.1203600e+01  -7.1203600e+01  -3.7830789e+01  -3.7826344e+01  -3.7826344e+01  -3.7830789e+01   4.7980091e+01  -1.3097616e+01
   4.3603147e-02   1.4087628e-03  -7.1210299e+01  -3.7829222e+01  -7.1212489e+01  -7.1212489e+01  -7.1208045e+01  -7.1208045e+01  -3.7830789e+01  -3.7826344e+01  -3.7826344e+01  -3.7830789e+01   4.7958343e+01  -1.3097607e+01
   4.9379428e-02   1.3654709e-03  -7.1201609e+01  -3.7824112e+01  -7.1203600e+01  -7.1203600e+01  -7.1199156e+01  -7.1199156e+01  -3.7826344e+01  -3.7821900e+01  -3.7821900e+01  -3.7826344e+01   4.8007169e+01  -1.3097626e+01
   5.0400612e-02   1.6295962e-03  -7.1197590e+01  -3.7824027e+01  -7.1199156e+01  -7.1199156e+01  -7.1194711e+01  -7.1194711e+01  -3.7826344e+01  -3.7821900e+01  -3.7821900e+01  -3.7826344e+01   4.8019711e+01  -1.3097631e+01
   4.8085065e-02   1.5332082e-03  -7.1196685e+01  -3.7819564e+01  -7.1199156e+01  -7.1199156e+01  -7.1194711e+01  -7.1194711e+01  -3.7821900e+01  -3.7817455e+01  -3.7817455e+01  -3.7821900e+01   4.8031903e+01  -1.3097635e+01
   4.6857675e-02   1.5032643e-03  -7.1201449e+01  -3.7820475e+01  -7.1203600e+01  -7.1203600e+01  -7.1199156e+01  -7.1199156e+01  -3.7821900e+01  -3.7817455e+01  -3.7817455e+01  -3.7821900e+01   4.8012943e+01  -1.3097629e+01
   4.7371542e-02   1.5793944e-03  -7.1193173e+01  -3.7819383e+01  -7.1194711e+01  -7.1194711e+01  -7.1190267e+01  -7.1190267e+01  -3.7821900e+01  -3.7817455e+01  -3.7817455e+01  -3.7821900e+01   4.8042911e+01  -1.3097641e+01
   6.3686369e-02   1.7785636e-03  -7.1179242e+01  -3.7825267e+01  -7.1181378e+01  -7.1181378e+01  -7.1176934e+01  -7.1176934e+01  -3.7826344e+01  -3.7821900e+01  -3.7821900e+01  -3.7826344e+01   4.8094313e+01  -1.3097660e+01
   4.5433764e-02   1.7907881e-03  -7.1183747e+01  -3.7815330e+01  -7.1185822e+01  -7.1185822e+01  -7.1181378e+01  -7.1181378e+01  -3.7817455e+01  -3.7813011e+01  -3.7813011e+01  -3.7817455e+01   4.8082889e+01  -1.3097655e+01
   6.5044135e-02   1.9069106e-03  -7.1175579e+01  -3.7825789e+01  -7.1176934e+01  -7.1176934e+01  -7.1172489e+01  -7.1172489e+01  -3.7826344e+01  -3.7821900e+01  -3.7821900e+01  -3.7826344e+01   4.8107811e+01  -1.3097664e+01
   6.0536832e-02   1.7031648e-03  -7.1169430e+01  -3.7823762e+01  -7.1172489e+01  -7.1172489e+01  -7.1168045e+01  -7.1168045e+01  -3.7826344e+01  -3.7821900e+01  -3.7821900e+01  -3.7826344e+01   4.8133445e+01  -1.3097674e+01
   5.9772255e-02   1.6537450e-03  -7.1166358e+01  -3.7824450e+01  -7.1168045e+01  -7.1168045e+01  -7.1163600e+01  -7.1163600e+01  -3.7826344e+01  -3.7821900e+01  -3.7821900e+01  -3.7826344e+01   4.8148947e+01  -1.3097681e+01
   5.2527770e-02   1.8034447e-03  -7.1147787e+01  -3.7824884e+01  -7.1150267e+01  -7.1150267e+01  -7.1145823e+01  -7.1145823e+01  -3.7826344e+01  -3.7821900e+01  -3.7821900e+01  -3.7826344e+01   4.8225489e+01  -1.3097710e+01
   4.9959352e-02   1.7846235e-03  -7.1144670e+01  -3.7819636e+01  -7.1145823e+01  -7.1145823e+01  -7.1141378e+01  -7.1141378e+01  -3.7821900e+01  -3.7817455e+01  -3.7817455e+01  -3.7821900e+01   4.8246582e+01  -1.3097718e+01
   4.8411747e-02   1.8099437e-03  -7.1148109e+01  -3.7819078e+01  -7.1150267e+01  -7.1150267e+01  -7.1145823e+01  -7.1145823e+01  -3.7821900e+01  -3.7817455e+01  -3.7817455e+01  -3.7821900e+01   4.8232922e+01  -1.3097712e+01
   5.2647202e-02   1.6374499e-03  -7.1147861e+01  -3.7815907e+01  -7.1150267e+01  -7.1150267e+01  -7.1145823e+01  -7.1145823e+01  -3.7817455e+01  -3.7813011e+01  -3.7813011e+01  -3.7817455e+01   4.8246836e+01  -1.3097717e+01
   5.8659845e-02   1.6708845e-03  -7.1144583e+01  -3.7814847e+01  -7.1145823e+01  -7.1145823e+01  -7.1141378e+01  -7.1141378e+01  -3.7817455e+01  -3.7813011e+01  -3.7813011e+01  -3.7817455e+01   4.8267389e+01  -1.3097725e+01
   4.3786455e-02   1.8665726e-03  -7.1143824e+01  -3.7811021e+01  -7.1145823e+01  -7.1145823e+01  -7.1141378e+01  -7.1141378e+01  -3.7813011e+01  -3.7808566e+01  -3.7808566e+01  -3.7813011e+01   4.8278603e+01  -1.3097730e+01
   4.7052480e-02   1.6889508e-03  -7.1147941e+01  -3.7809968e+01  -7.1150267e+01  -7.1150267e+01  -7.1145823e+01  -7.1145823e+01  -3.7813011e+01  -3.7808566e+01  -3.7808566e+01  -3.7813011e+01   4.8265389e+01  -1.3097725e+01
   4.8185222e-02   1.4881034e-03  -7.1153004e+01  -3.7815285e+01  -7.1154711e+01  -7.1154711e+01  -7.1150267e+01  -7.1150267e+01  -3.7817455e+01  -3.7813011e+01  -3.7813011e+01  -3.7817455e+01   4.8217915e+01  -1.3097706e+01
   4.0927511e-02   1.8821938e-03  -7.1148892e+01  -3.7807300e+01  -7.1150267e+01  -7.1150267e+01  -7.1145823e+01  -7.1145823e+01  -3.7808566e+01  -3.7804122e+01  -3.7804122e+01  -3.7808566e+01   4.8261812e+01  -1.3097725e+01
   4.1789141e-02   1.5695942e-03  -7.1142899e+01  -3.7806290e+01  -7.1145823e+01  -7.1145823e+01  -7.1141378e+01  -7.1141378e+01  -3.7808566e+01  -3.7804122e+01  -3.7804122e+01  -3.7808566e+01   4.8282499e+01  -1.3097731e+01
   3.6930502e-02   1.6374499e-03  -7.1143312e+01  -3.7801832e+01  -7.1145823e+01  -7.1145823e+01  -7.1141378e+01  -7.1141378e+01  -3.7804122e+01  -3.7799678e+01  -3.7799678e+01  -3.7804122e+01   4.8283526e+01  -1.3097732e+01
   2.3017206e-02   1.9425692e-03  -7.1148093e+01  -3.7800431e+01  -7.1150267e+01  -7.1150267e+01  -7.1145823e+01  -7.1145823e+01  -3.7804122e+01  -3.7799678e+01  -3.7799678e+01  -3.7804122e+01   4.8265320e+01  -1.3097725e+01
   2.6297121e-02   1.7179978e-03  -7.1165643e+01  -3.7802753e+01  -7.1168045e+01  -7.1168045e+01  -7.1163600e+01  -7.1163600e+01  -3.7804122e+01  -3.7799678e+01  -3.7799678e+01  -3.7804122e+01   4.8161922e+01  -1.3097685e+01
   1.4151724e-02   1.3529423e-03  -7.1108051e+01  -3.7868613e+01  -7.1110267e+01  -7.1110267e+01  -7.1105823e+01  -7.1105823e+01  -3.7870789e+01  -3.7866344e+01  -3.7866344e+01  -3.7870789e+01   4.8314979e+01  -1.3097743e+01
   2.0192855e-02   1.5827300e-03  -7.1108761e+01  -3.7864240e+01  -7.1110267e+01  -7.1110267e+01  -7.1105823e+01  -7.1105823e+01  -3.7866344e+01  -3.7861900e+01  -3.7861900e+01  -3.7866344e+01   4.8321452e+01  -1.3097746e+01
   2.1352336e-02   1.4125346e-03  -7.1112131e+01  -3.7864098e+01  -7.1114712e+01  -7.1114712e+01  -7.1110267e+01  -7.1110267e+01  -3.7866344e+01  -3.7861900e+01  -3.7861900e+01  -3.7866344e+01   4.8308414e+01  -1.3097741e+01
   2.4711352e-02   1.4383541e-03  -7.1121539e+01  -3.7869059e+01  -7.1123600e+01  -7.1123600e+01  -7.1119156e+01  -7.1119156e+01  -3.7870789e+01  -3.7866344e+01  -3.7866344e+01  -3.7870789e+01   4.8267879e+01  -1.3097726e+01
   2.1962083e-02   1.8515788e-03  -7.1117842e+01  -3.7868372e+01  -7.1119156e+01  -7.1119156e+01  -7.1114712e+01  -7.1114712e+01  -3.7870789e+01  -3.7866344e+01  -3.7866344e+01  -3.7870789e+01   4.8281324e+01  -1.3097732e+01
   2.7217087e-02   1.7667453e-03  -7.1118494e+01  -3.7864809e+01  -7.1119156e+01  -7.1119156e+01  -7.1114712e+01  -7.1114712e+01  -3.7866344e+01  -3.7861900e+01  -3.7861900e+01  -3.7866344e+01   4.8287864e+01  -1.3097733e+01
   2.8764315e-02   1.5006835e-03  -7.1121156e+01  -3.7864198e+01  -7.1123600e+01  -7.1123600e+01  -7.1119156e+01  -7.1119156e+01  -3.7866344e+01  -3.7861900e+01  -3.7861900e+01  -3.7866344e+01   4.8278176e+01  -1.3097729e+01
   1.3454691e-02   1.4467905e-03  -7.1139378e+01  -3.7877087e+01  -7.1141378e+01  -7.1141378e+01  -7.1136934e+01  -7.1136934e+01  -3.7879677e+01  -3.7875233e+01  -3.7875233e+01  -3.7879677e+01   4.8167801e+01  -1.3097687e+01
   1.6059826e-02   1.3079683e-03  -7.1134826e+01  -3.7877573e+01  -7.1136934e+01  -7.1136934e+01  -7.1132489e+01  -7.1132489e+01  -3.7879677e+01  -3.7875233e+01  -3.7875233e+01  -3.7879677e+01   4.8187440e+01  -1.3097695e+01
   2.7034869e-02   1.3131898e-03  -7.1134843e+01  -3.7873156e+01  -7.1136934e+01  -7.1136934e+01  -7.1132489e+01  -7.1132489e+01  -3.7875233e+01  -3.7870789e+01  -3.7870789e+01  -3.7875233e+01   4.8202949e+01  -1.3097701e+01
   2.1217602e-02   1.3092639e-03  -7.1139300e+01  -3.7873172e+01  -7.1141378e+01  -7.1141378e+01  -7.1136934e+01  -7.1136934e+01  -3.7875233e+01  -3.7870789e+01  -3.7870789e+01  -3.7875233e+01   4.8178049e+01  -1.3097691e+01
   1.6644952e-02   1.5192304e-03  -7.1130839e+01  -3.7876918e+01  -7.1132489e+01  -7.1132489e+01  -7.1128045e+01  -7.1128045e+01  -3.7879677e+01  -3.7875233e+01  -3.7875233e+01  -3.7879677e+01   4.8209202e+01  -1.3097703e+01
   1.5574697e-02   1.4163575e-03  -7.1126171e+01  -3.7877109e+01  -7.1128045e+01  -7.1128045e+01  -7.1123600e+01  -7.1123600e+01  -3.7879677e+01  -3.7875233e+01  -3.7875233e+01  -3.7879677e+01   4.8229513e+01  -1.3097711e+01
   2.2278589e-02   1.4832163e-03  -7.1126140e+01  -3.7873348e+01  -7.1128045e+01  -7.1128045e+01  -7.1123600e+01  -7.1123600e+01  -3.7875233e+01  -3.7870789e+01  -3.7870789e+01  -3.7875233e+01   4.8240435e+01  -1.3097715e+01
   2.3748670e-02   1.3622842e-03  -7.1130690e+01  -3.7873292e+01  -7.1132489e+01  -7.1132489e+01  -7.1128045e+01  -7.1128045e+01  -3.7875233e+01  -3.7870789e+01  -3.7870789e+01  -3.7875233e+01   4.8222648e+01  -1.3097709e+01
   3.0870372e-02   1.3309120e-03  -7.1130324e+01  -3.7868686e+01  -7.1132489e+01  -7.1132489e+01  -7.1128045e+01  -7.1128045e+01  -3.7870789e+01  -3.7866344e+01  -3.7866344e+01  -3.7870789e+01   4.8235749e+01  -1.3097714e+01
   2.8041086e-02   1.3158400e-03  -7.1125954e+01  -3.7868681e+01  -7.1128045e+01  -7.1128045e+01  -7.1123600e+01  -7.1123600e+01  -3.7870789e+01  -3.7866344e+01  -3.7866344e+01  -3.7870789e+01   4.8252846e+01  -1.3097720e+01
   2.9924744e-02   1.5728271e-03  -7.1125630e+01  -3.7865182e+01  -7.1128045e+01  -7.1128045e+01  -7.1123600e+01  -7.1123600e+01  -3.7866344e+01  -3.7861900e+01  -3.7861900e+01  -3.7866344e+01   4.8260281e+01  -1.3097723e+01
   3.2856870e-02   1.6144355e-03  -7.1130476e+01  -3.7865475e+01  -7.1132489e+01  -7.1132489e+01  -7.1128045e+01  -7.1128045e+01  -3.7866344e+01  -3.7861900e+01  -3.7861900e+01  -3.7866344e+01   4.8241240e+01  -1.3097716e+01
   2.9100588e-02   1.6257392e-03  -7.1139502e+01  -3.7869801e+01  -7.1141378e+01  -7.1141378e+01  -7.1136934e+01  -7.1136934e+01  -3.7870789e+01  -3.7866344e+01  -3.7866344e+01  -3.7870789e+01   4.8188754e+01  -1.3097696e+01
   3.3113114e-02   1.5632265e-03  -7.1133979e+01  -3.7868647e+01  -7.1136934e+01  -7.1136934e+01  -7.1132489e+01  -7.1132489e+01  -3.7870789e+01  -3.7866344e+01  -3.7866344e+01  -3.7870789e+01   4.8219753e+01  -1.3097708e+01
   3.5843871e-02   1.4576940e-03  -7.1134693e+01  -3.7864689e+01  -7.1136934e+01  -7.1136934e+01  -7.1132489e+01  -7.1132489e+01  -3.7866344e+01  -3.7861900e+01  -3.7861900e+01  -3.7866344e+01   4.8225076e+01  -1.3097709e+01
   3.8180904e-02   1.8165615e-03  -7.1138155e+01  -3.7863901e+01  -7.1141378e+01  -7.1141378e+01  -7.1136934e+01  -7.1136934e+01  -3.7866344e+01  -3.7861900e+01  -3.7861900e+01  -3.7866344e+01   4.8211485e+01  -1.3097703e+01
   2.1392700e-02   1.6454966e-03  -7.1103920e+01  -3.7860835e+01  -7.1105823e+01  -7.1105823e+01  -7.1101378e+01  -7.1101378e+01  -3.7861900e+01  -3.7857455e+01  -3.7857455e+01  -3.7861900e+01   4.8347793e+01  -1.3097755e+01
   1.6750311e-02   1.8743018e-03  -7.1098624e+01  -3.7860830e+01  -7.1101378e+01  -7.1101378e+01  -7.1096934e+01  -7.1096934e+01  -3.7861900e+01  -3.7857455e+01  -3.7857455e+01  -3.7861900e+01   4.8368186e+01  -1.3097763e+01
   2.2300646e-02   1.5275401e-03  -7.1095087e+01  -3.7850676e+01  -7.1096934e+01  -7.1096934e+01  -7.1092489e+01  -7.1092489e+01  -3.7853011e+01  -3.7848566e+01  -3.7848566e+01  -3.7853011e+01   4.8403699e+01  -1.3097777e+01
   2.2418777e-02   1.8515788e-03  -7.1091497e+01  -3.7849735e+01  -7.1092489e+01  -7.1092489e+01  -7.1088045e+01  -7.1088045e+01  -3.7853011e+01  -3.7848566e+01  -3.7848566e+01  -3.7853011e+01   4.8419811e+01  -1.3097784e+01
   2.2590076e-02   1.4784084e-03  -7.1091187e+01  -3.7846572e+01  -7.1092489e+01  -7.1092489e+01  -7.1088045e+01  -7.1088045e+01  -3.7848566e+01  -3.7844122e+01  -3.7844122e+01  -3.7848566e+01   4.8427832e+01  -1.3097786e+01
   2.2370020e-02   1.3453963e-03  -7.1094713e+01  -3.7846482e+01  -7.1096934e+01  -7.1096934e+01  -7.1092489e+01  -7.1092489e+01  -3.7848566e+01  -3.7844122e+01  -3.7844122e+01  -3.7848566e+01   4.8414080e+01  -1.3097781e+01
   2.7049916e-02   1.6797962e-03  -7.1103478e+01  -3.7851007e+01  -7.1105823e+01  -7.1105823e+01  -7.1101378e+01  -7.1101378e+01  -3.7853011e+01  -3.7848566e+01  -3.7848566e+01  -3.7853011e+01   4.8367055e+01  -1.3097763e+01
   2.6339918e-02   1.5006835e-03  -7.1099129e+01  -3.7850830e+01  -7.1101378e+01  -7.1101378e+01  -7.1096934e+01  -7.1096934e+01  -3.7853011e+01  -3.7848566e+01  -3.7848566e+01  -3.7853011e+01   4.8385816e+01  -1.3097770e+01
   2.5647189e-02   1.5861011e-03  -7.1099004e+01  -3.7846866e+01  -7.1101378e+01  -7.1101378e+01  -7.1096934e+01  -7.1096934e+01  -3.7848566e+01  -3.7844122e+01  -3.7844122e+01  -3.7848566e+01   4.8395105e+01  -1.3097774e+01
   2.5832277e-02   1.5695942e-03  -7.1103799e+01  -3.7847530e+01  -7.1105823e+01  -7.1105823e+01  -7.1101378e+01  -7.1101378e+01  -3.7848566e+01  -3.7844122e+01  -3.7844122e+01  -3.7848566e+01   4.8374493e+01  -1.3097766e+01
   2.0925012e-02   1.9333406e-03  -7.1085655e+01  -3.7845432e+01  -7.1088045e+01  -7.1088045e+01  -7.1083601e+01  -7.1083601e+01  -3.7848566e+01  -3.7844122e+01  -3.7844122e+01  -3.7848566e+01   4.8451937e+01  -1.3097794e+01
   1.7288569e-02   1.8233021e-03  -7.1081528e+01  -3.7842148e+01  -7.1083601e+01  -7.1083601e+01  -7.1079156e+01  -7.1079156e+01  -3.7844122e+01  -3.7839678e+01  -3.7839678e+01  -3.7844122e+01   4.8474998e+01  -1.3097804e+01
   2.1055565e-02   1.7907881e-03  -7.1086540e+01  -3.7838555e+01  -7.1088045e+01  -7.1088045e+01  -7.1083601e+01  -7.1083601e+01  -3.7839678e+01  -3.7835233e+01  -3.7835233e+01  -3.7839678e+01   4.8462150e+01  -1.3097799e+01
   1.3423387e-02   1.8743018e-03  -7.1077735e+01  -3.7841844e+01  -7.1079156e+01  -7.1079156e+01  -7.1074712e+01  -7.1074712e+01  -3.7844122e+01  -3.7839678e+01  -3.7839678e+01  -3.7844122e+01   4.8490778e+01  -1.3097809e+01
   9.8209427e-03   1.6071137e-03  -7.1073455e+01  -3.7837656e+01  -7.1074712e+01  -7.1074712e+01  -7.1070267e+01  -7.1070267e+01  -3.7839678e+01  -3.7835233e+01  -3.7835233e+01  -3.7839678e+01   4.8518150e+01  -1.3097819e+01
   1.1467022e-02   1.6181598e-03  -7.1077381e+01  -3.7837172e+01  -7.1079156e+01  -7.1079156e+01  -7.1074712e+01  -7.1074712e+01  -3.7839678e+01  -3.7835233e+01  -3.7835233e+01  -3.7839678e+01   4.8503233e+01  -1.3097814e+01
   3.1434243e-02   1.5219752e-03  -7.1103951e+01  -3.7841427e+01  -7.1105823e+01  -7.1105823e+01  -7.1101378e+01  -7.1101378e+01  -3.7844122e+01  -3.7839678e+01  -3.7839678e+01  -3.7844122e+01   4.8384487e+01  -1.3097769e+01
   2.7795317e-02   1.5793944e-03  -7.1099394e+01  -3.7842208e+01  -7.1101378e+01  -7.1101378e+01  -7.1096934e+01  -7.1096934e+01  -3.7844122e+01  -3.7839678e+01  -3.7839678e+01  -3.7844122e+01   4.8401419e+01  -1.3097777e+01
   2.8820217e-02   1.7442344e-03  -7.1098430e+01  -3.7838570e+01  -7.1101378e+01  -7.1101378e+01  -7.1096934e+01  -7.1096934e+01  -3.7839678e+01  -3.7835233e+01  -3.7835233e+01  -3.7839678e+01   4.8411718e+01  -1.3097779e+01
   3.1292264e-02   1.7667453e-03  -7.1103955e+01  -3.7838497e+01  -7.1105823e+01  -7.1105823e+01  -7.1101378e+01  -7.1101378e+01  -3.7839678e+01  -3.7835233e+01  -3.7835233e+01  -3.7839678e+01   4.8389463e+01  -1.3097771e+01
   2.4519423e-02   1.4599246e-03  -7.1094674e+01  -3.7842016e+01  -7.1096934e+01  -7.1096934e+01  -7.1092489e+01  -7.1092489e+01  -3.7844122e+01  -3.7839678e+01  -3.7839678e+01  -3.7844122e+01   4.8421270e+01  -1.3097784e+01
   2.2140537e-02   1.6665161e-03  -7.1091251e+01  -3.7841853e+01  -7.1092489e+01  -7.1092489e+01  -7.1088045e+01  -7.1088045e+01  -3.7844122e+01  -3.7839678e+01  -3.7839678e+01  -3.7844122e+01   4.8435118e+01  -1.3097788e+01
   2.1747848e-02   1.5663942e-03  -7.1090227e+01  -3.7838153e+01  -7.1092489e+01  -7.1092489e+01  -7.1088045e+01  -7.1088045e+01  -3.7839678e+01  -3.7835233e+01  -3.7835233e+01  -3.7839678e+01   4.8447526e+01  -1.3097793e+01
   2.5261755e-02   1.7785636e-03  -7.1094760e+01  -3.7838991e+01  -7.1096934e+01  -7.1096934e+01  -7.1092489e+01  -7.1092489e+01  -3.7839678e+01  -3.7835233e+01  -3.7835233e+01  -3.7839678e+01   4.8427004e+01  -1.3097786e+01
   1.9800130e-02   1.7129817e-03  -7.1094889e+01  -3.7833166e+01  -7.1096934e+01  -7.1096934e+01  -7.1092489e+01  -7.1092489e+01  -3.7835233e+01  -3.7830789e+01  -3.7830789e+01  -3.7835233e+01   4.8437069e+01  -1.3097789e+01
   1.9213998e-02   1.5448684e-03  -7.1089955e+01  -3.7833891e+01  -7.1092489e+01  -7.1092489e+01  -7.1088045e+01  -7.1088045e+01  -3.7835233e+01  -3.7830789e+01  -3.7830789e+01  -3.7835233e+01   4.8456676e+01  -1.3097797e+01
   1.2530395e-02   1.6334995e-03  -7.1090492e+01  -3.7828126e+01  -7.1092489e+01  -7.1092489e+01  -7.1088045e+01  -7.1088045e+01  -3.7830789e+01  -3.7826344e+01  -3.7826344e+01  -3.7830789e+01   4.8465297e+01  -1.3097800e+01
   1.3480908e-02   1.9333406e-03  -7.1095068e+01  -3.7829264e+01  -7.1096934e+01  -7.1096934e+01  -7.1092489e+01  -7.1092489e+01  -3.7830789e+01  -3.7826344e+01  -3.7826344e+01  -3.7830789e+01   4.8444768e+01  -1.3097793e+01
   2.8315830e-02   1.8515788e-03  -7.1104121e+01  -3.7832614e+01  -7.1105823e+01  -7.1105823e+01  -7.1101378e+01  -7.1101378e+01  -3.7835233e+01  -3.7830789e+01  -3.7830789e+01  -3.7835233e+01   4.8398939e+01  -1.3097775e+01
   2.1603173e-02   1.9243271e-03  -7.1103750e+01  -3.7827615e+01  -7.1105823e+01  -7.1105823e+01  -7.1101378e+01  -7.1101378e+01  -3.7830789e+01  -3.7826344e+01  -3.7826344e+01  -3.7830789e+01   4.8412195e+01  -1.3097779e+01
   4.0950598e-02   1.7907881e-03  -7.1135298e+01  -3.7858605e+01  -7.1136934e+01  -7.1136934e+01  -7.1132489e+01  -7.1132489e+01  -3.7861900e+01  -3.7857455e+01  -3.7857455e+01  -3.7861900e+01   4.8234798e+01  -1.3097713e+01
   4.1838171e-02   1.3560207e-03  -7.1134846e+01  -3.7855442e+01  -7.1136934e+01  -7.1136934e+01  -7.1132489e+01  -7.1132489e+01  -3.7857455e+01  -3.7853011e+01  -3.7853011e+01  -3.7857455e+01   4.8241419e+01  -1.3097716e+01
   4.5769909e-02   1.3871385e-03  -7.1139567e+01  -3.7855359e+01  -7.1141378e+01  -7.1141378e+01  -7.1136934e+01  -7.1136934e+01  -3.7857455e+01  -3.7853011e+01  -3.7853011e+01  -3.7857455e+01   4.8224879e+01  -1.3097710e+01
   3.6209375e-02   1.5929527e-03  -7.1130166e+01  -3.7858965e+01  -7.1132489e+01  -7.1132489e+01  -7.1128045e+01  -7.1128045e+01  -3.7861900e+01  -3.7857455e+01  -3.7857455e+01  -3.7861900e+01   4.8251832e+01  -1.3097719e+01
   3.2667245e-02   1.5632265e-03  -7.1126407e+01  -3.7859241e+01  -7.1128045e+01  -7.1128045e+01  -7.1123600e+01  -7.1123600e+01  -3.7861900e+01  -3.7857455e+01  -3.7857455e+01  -3.7861900e+01   4.8264956e+01  -1.3097725e+01
   3.4764559e-02   1.4446582e-03  -7.1126078e+01  -3.7855483e+01  -7.1128045e+01  -7.1128045e+01  -7.1123600e+01  -7.1123600e+01  -3.7857455e+01  -3.7853011e+01  -3.7853011e+01  -3.7857455e+01   4.8270954e+01  -1.3097726e+01
   3.8476212e-02   1.5360821e-03  -7.1130733e+01  -3.7855653e+01  -7.1132489e+01  -7.1132489e+01  -7.1128045e+01  -7.1128045e+01  -3.7857455e+01  -3.7853011e+01  -3.7853011e+01  -3.7857455e+01   4.8255065e+01  -1.3097720e+01
   4.3266882e-02   1.4182884e-03  -7.1130390e+01  -3.7850990e+01  -7.1132489e+01  -7.1132489e+01  -7.1128045e+01  -7.1128045e+01  -3.7853011e+01  -3.7848566e+01  -3.7848566e+01  -3.7853011e+01   4.8262004e+01  -1.3097724e+01
   4.0001316e-02   1.3995487e-03  -7.1126013e+01  -3.7850584e+01  -7.1128045e+01  -7.1128045e+01  -7.1123600e+01  -7.1123600e+01  -3.7853011e+01  -3.7848566e+01  -3.7848566e+01  -3.7853011e+01   4.8281068e+01  -1.3097731e+01
   4.3182982e-02   1.5084931e-03  -7.1125887e+01  -3.7846367e+01  -7.1128045e+01  -7.1128045e+01  -7.1123600e+01  -7.1123600e+01  -3.7848566e+01  -3.7844122e+01  -3.7844122e+01  -3.7848566e+01   4.8288954e+01  -1.3097733e+01
   4.7882706e-02   1.4467905e-03  -7.1130463e+01  -3.7846338e+01  -7.1132489e+01  -7.1132489e+01  -7.1128045e+01  -7.1128045e+01  -3.7848566e+01  -3.7844122e+01  -3.7844122e+01  -3.7848566e+01   4.8270849e+01  -1.3097727e+01
   4.7687347e-02   1.3871385e-03  -7.1139406e+01  -3.7851134e+01  -7.1141378e+01  -7.1141378e+01  -7.1136934e+01  -7.1136934e+01  -3.7853011e+01  -3.7848566e+01  -3.7848566e+01  -3.7853011e+01   4.8228253e+01  -1.3097710e+01
   4.3585783e-02   1.5728271e-03  -7.1135070e+01  -3.7851505e+01  -7.1136934e+01  -7.1136934e+01  -7.1132489e+01  -7.1132489e+01  -3.7853011e+01  -3.7848566e+01  -3.7848566e+01  -3.7853011e+01   4.8243748e+01  -1.3097717e+01
   4.8784775e-02   1.5861011e-03  -7.1134844e+01  -3.7846572e+01  -7.1136934e+01  -7.1136934e+01  -7.1132489e+01  -7.1132489e+01  -3.7848566e+01  -3.7844122e+01  -3.7844122e+01  -3.7848566e+01   4.8252004e+01  -1.3097720e+01
   4.9412544e-02   1.4856498e-03  -7.1139013e+01  -3.7846481e+01  -7.1141378e+01  -7.1141378e+01  -7.1136934e+01  -7.1136934e+01  -3.7848566e+01  -3.7844122e+01  -3.7844122e+01  -3.7848566e+01   4.8235170e+01  -1.3097714e+01
   2.8555010e-02   1.4511029e-03  -7.1121583e+01  -3.7859672e+01  -7.1123600e+01  -7.1123600e+01  -7.1119156e+01  -7.1119156e+01  -3.7861900e+01  -3.7857455e+01  -3.7857455e+01  -3.7861900e+01   4.8280895e+01  -1.3097731e+01
   2.6212057e-02   1.5760937e-03  -7.1116684e+01  -3.7859629e+01  -7.1119156e+01  -7.1119156e+01  -7.1114712e+01  -7.1114712e+01  -3.7861900e+01  -3.7857455e+01  -3.7857455e+01  -3.7861900e+01   4.8298385e+01  -1.3097737e+01
   2.9208505e-02   1.4760334e-03  -7.1116738e+01  -3.7855014e+01  -7.1119156e+01  -7.1119156e+01  -7.1114712e+01  -7.1114712e+01  -3.7857455e+01  -3.7853011e+01  -3.7853011e+01  -3.7857455e+01   4.8307176e+01  -1.3097740e+01
   3.0827165e-02   1.3769258e-03  -7.1121531e+01  -3.7855341e+01  -7.1123600e+01  -7.1123600e+01  -7.1119156e+01  -7.1119156e+01  -3.7857455e+01  -3.7853011e+01  -3.7853011e+01  -3.7857455e+01   4.8289564e+01  -1.3097733e+01
   2.5994959e-02   1.3351755e-03  -7.1112622e+01  -3.7859853e+01  -7.1114712e+01  -7.1114712e+01  -7.1110267e+01  -7.1110267e+01  -3.7861900e+01  -3.7857455e+01  -3.7857455e+01  -3.7861900e+01   4.8315462e+01  -1.3097744e+01
   2.3546853e-02   1.5999548e-03  -7.1108652e+01  -3.7859473e+01  -7.1110267e+01  -7.1110267e+01  -7.1105823e+01  -7.1105823e+01  -3.7861900e+01  -3.7857455e+01  -3.7857455e+01  -3.7861900e+01   4.8332037e+01  -1.3097750e+01
   2.7948871e-02   1.7129817e-03  -7.1107977e+01  -3.7855039e+01  -7.1110267e+01  -7.1110267e+01  -7.1105823e+01  -7.1105823e+01  -3.7857455e+01  -3.7853011e+01  -3.7853011e+01  -3.7857455e+01   4.8341513e+01  -1.3097754e+01
   2.8431278e-02   1.3498985e-03  -7.1112817e+01  -3.7855204e+01  -7.1114712e+01  -7.1114712e+01  -7.1110267e+01  -7.1110267e+01  -3.7857455e+01  -3.7853011e+01  -3.7853011e+01  -3.7857455e+01   4.8323363e+01  -1.3097747e+01
   3.0540240e-02   1.3977416e-03  -7.1112933e+01  -3.7851214e+01  -7.1114712e+01  -7.1114712e+01  -7.1110267e+01  -7.1110267e+01  -3.7853011e+01  -3.7848566e+01  -3.7848566e+01  -3.7853011e+01   4.8330344e+01  -1.3097748e+01
   2.8165060e-02   1.7080380e-03  -7.1108342e+01  -3.7850208e+01  -7.1110267e+01  -7.1110267e+01  -7.1105823e+01  -7.1105823e+01  -3.7853011e+01  -3.7848566e+01  -3.7848566e+01  -3.7853011e+01   4.8349331e+01  -1.3097756e+01
   2.8463391e-02   1.4321852e-03  -7.1108002e+01  -3.7846824e+01  -7.1110267e+01  -7.1110267e+01  -7.1105823e+01  -7.1105823e+01  -3.7848566e+01  -3.7844122e+01  -3.7844122e+01  -3.7848566e+01   4.8359137e+01  -1.3097761e+01
   3.4680982e-02   1.3977416e-03  -7.1112790e+01  -3.7846940e+01  -7.1114712e+01  -7.1114712e+01  -7.1110267e+01  -7.1110267e+01  -3.7848566e+01  -3.7844122e+01  -3.7844122e+01  -3.7848566e+01   4.8340833e+01  -1.3097754e+01
   3.6326505e-02   1.3424361e-03  -7.1121601e+01  -3.7851023e+01  -7.1123600e+01  -7.1123600e+01  -7.1119156e+01  -7.1119156e+01  -3.7853011e+01  -3.7848566e+01  -3.7848566e+01  -3.7853011e+01   4.8297374e+01  -1.3097737e+01
   3.3046175e-02   1.4554804e-03  -7.1116898e+01  -3.7850938e+01  -7.1119156e+01  -7.1119156e+01  -7.1114712e+01  -7.1114712e+01  -3.7853011e+01  -3.7848566e+01  -3.7848566e+01  -3.7853011e+01   4.8314639e+01  -1.3097744e+01
   3.6072069e-02   1.3802883e-03  -7.1116902e+01  -3.7846527e+01  -7.1119156e+01  -7.1119156e+01  -7.1114712e+01  -7.1114712e+01  -3.7848566e+01  -3.7844122e+01  -3.7844122e+01  -3.7848566e+01   4.8323640e+01  -1.3097747e+01
   3.9009525e-02   1.4784084e-03  -7.1121731e+01  -3.7846177e+01  -7.1123600e+01  -7.1123600e+01  -7.1119156e+01  -7.1119156e+01  -3.7848566e+01  -3.7844122e+01  -3.7844122e+01  -3.7848566e+01   4.8305117e+01  -1.3097740e+01
   4.0379818e-02   1.5006835e-03  -7.1120941e+01  -3.7842531e+01  -7.1123600e+01  -7.1123600e+01  -7.1119156e+01  -7.1119156e+01  -3.7844122e+01  -3.7839678e+01  -3.7839678e+01  -3.7844122e+01   4.8314608e+01  -1.3097743e+01
   3.7950428e-02   1.3514161e-03  -7.1117068e+01  -3.7842283e+01  -7.1119156e+01  -7.1119156e+01  -7.1114712e+01  -7.1114712e+01  -3.7844122e+01  -3.7839678e+01  -3.7839678e+01  -3.7844122e+01   4.8330764e+01  -1.3097749e+01
   3.5456974e-02   1.4690212e-03  -7.1112779e+01  -3.7841744e+01  -7.1114712e+01  -7.1114712e+01  -7.1110267e+01  -7.1110267e+01  -3.7844122e+01  -3.7839678e+01  -3.7839678e+01  -3.7844122e+01   4.8349047e+01  -1.3097757e+01
   3.5008318e-02   1.4068956e-03  -7.1108455e+01  -3.7842191e+01  -7.1110267e+01  -7.1110267e+01  -7.1105823e+01  -7.1105823e+01  -3.7844122e+01  -3.7839678e+01  -3.7839678e+01  -3.7844122e+01   4.8365873e+01  -1.3097763e+01
   3.5594594e-02   1.5539119e-03  -7.1108248e+01  -3.7838197e+01  -7.1110267e+01  -7.1110267e+01  -7.1105823e+01  -7.1105823e+01  -3.7839678e+01  -3.7835233e+01  -3.7835233e+01  -3.7839678e+01   4.8371850e+01  -1.3097765e+01
   3.4992455e-02   1.5793944e-03  -7.1113108e+01  -3.7833319e+01  -7.1114712e+01  -7.1114712e+01  -7.1110267e+01  -7.1110267e+01  -3.7835233e+01  -3.7830789e+01  -3.7830789e+01  -3.7835233e+01   4.8360232e+01  -1.3097761e+01
   3.1957025e-02   1.7129817e-03  -7.1113536e+01  -3.7829535e+01  -7.1114712e+01  -7.1114712e+01  -7.1110267e+01  -7.1110267e+01  -3.7830789e+01  -3.7826344e+01  -3.7826344e+01  -3.7830789e+01   4.8367562e+01  -1.3097763e+01
   3.7667108e-02   1.5303610e-03  -7.1116551e+01  -3.7832361e+01  -7.1119156e+01  -7.1119156e+01  -7.1114712e+01  -7.1114712e+01  -3.7835233e+01  -3.7830789e+01  -3.7830789e+01  -3.7835233e+01   4.8346155e+01  -1.3097755e+01
   3.2519484e-02   1.4013675e-03  -7.1116882e+01  -3.7828851e+01  -7.1119156e+01  -7.1119156e+01  -7.1114712e+01  -7.1114712e+01  -3.7830789e+01  -3.7826344e+01  -3.7826344e+01  -3.7830789e+01   4.8352668e+01  -1.3097758e+01
   3.8942419e-02   1.7129817e-03  -7.1121088e+01  -3.7828896e+01  -7.1123600e+01  -7.1123600e+01  -7.1119156e+01  -7.1119156e+01  -3.7830789e+01  -3.7826344e+01  -3.7826344e+01  -3.7830789e+01   4.8332272e+01  -1.3097749e+01
   5.2711825e-02   1.4087628e-03  -7.1139542e+01  -3.7841954e+01  -7.1141378e+01  -7.1141378e+01  -7.1136934e+01  -7.1136934e+01  -3.7844122e+01  -3.7839678e+01  -3.7839678e+01  -3.7844122e+01   4.8238436e+01  -1.3097714e+01
   5.0359490e-02   1.3906282e-03  -7.1134972e+01  -3.7842029e+01  -7.1136934e+01  -7.1136934e+01  -7.1132489e+01  -7.1132489e+01  -3.7844122e+01  -3.7839678e+01  -3.7839678e+01  -3.7844122e+01   4.8257631e+01  -1.3097722e+01
   4.8166454e-02   1.5895084e-03  -7.1134360e+01  -3.7837621e+01  -7.1136934e+01  -7.1136934e+01  -7.1132489e+01  -7.1132489e+01  -3.7839678e+01  -3.7835233e+01  -3.7835233e+01  -3.7839678e+01   4.8265712e+01  -1.3097725e+01
   5.2446662e-02   1.6622043e-03  -7.1139394e+01  -3.7837853e+01  -7.1141378e+01  -7.1141378e+01  -7.1136934e+01  -7.1136934e+01  -3.7839678e+01  -3.7835233e+01  -3.7835233e+01  -3.7839678e+01   4.8244333e+01  -1.3097717e+01
   4.7439869e-02   1.5219752e-03  -7.1130050e+01  -3.7841576e+01  -7.1132489e+01  -7.1132489e+01  -7.1128045e+01  -7.1128045e+01  -3.7844122e+01  -3.7839678e+01  -3.7839678e+01  -3.7844122e+01   4.8278778e+01  -1.3097730e+01
   4.5910290e-02   1.4031981e-03  -7.1126166e+01  -3.7841900e+01  -7.1128045e+01  -7.1128045e+01  -7.1123600e+01  -7.1123600e+01  -3.7844122e+01  -3.7839678e+01  -3.7839678e+01  -3.7844122e+01   4.8294714e+01  -1.3097736e+01
   4.3648642e-02   1.9069106e-03  -7.1125788e+01  -3.7839226e+01  -7.1128045e+01  -7.1128045e+01  -7.1123600e+01  -7.1123600e+01  -3.7839678e+01  -3.7835233e+01  -3.7835233e+01  -3.7839678e+01   4.8299134e+01  -1.3097738e+01
   4.6762434e-02   1.5861011e-03  -7.1130585e+01  -3.7838543e+01  -7.1132489e+01  -7.1132489e+01  -7.1128045e+01  -7.1128045e+01  -3.7839678e+01  -3.7835233e+01  -3.7835233e+01  -3.7839678e+01   4.8279937e+01  -1.3097731e+01
   4.4150756e-02   1.7907881e-03  -7.1130583e+01  -3.7833150e+01  -7.1132489e+01  -7.1132489e+01  -7.1128045e+01  -7.1128045e+01  -3.7835233e+01  -3.7830789e+01  -3.7830789e+01  -3.7835233e+01   4.8287568e+01  -1.3097733e+01
   4.3242792e-02   1.5275401e-03  -7.1130251e+01  -3.7828928e+01  -7.1132489e+01  -7.1132489e+01  -7.1128045e+01  -7.1128045e+01  -3.7830789e+01  -3.7826344e+01  -3.7826344e+01  -3.7830789e+01   4.8294622e+01  -1.3097736e+01
   4.7583516e-02   1.5058673e-03  -7.1138996e+01  -3.7832916e+01  -7.1141378e+01  -7.1141378e+01  -7.1136934e+01  -7.1136934e+01  -3.7835233e+01  -3.7830789e+01  -3.7830789e+01  -3.7835233e+01   4.8253182e+01  -1.3097720e+01
   4.6290201e-02   1.4511029e-03  -7.1134954e+01  -3.7833121e+01  -7.1136934e+01  -7.1136934e+01  -7.1132489e+01  -7.1132489e+01  -3.7835233e+01  -3.7830789e+01  -3.7830789e+01  -3.7835233e+01   4.8269969e+01  -1.3097726e+01
   4.6589954e-02   1.5861011e-03  -7.1134842e+01  -3.7829217e+01  -7.1136934e+01  -7.1136934e+01  -7.1132489e+01  -7.1132489e+01  -3.7830789e+01  -3.7826344e+01  -3.7826344e+01  -3.7830789e+01   4.8275601e+01  -1.3097728e+01
   4.7218799e-02   1.7553094e-03  -7.1139135e+01  -3.7829464e+01  -7.1141378e+01  -7.1141378e+01  -7.1136934e+01  -7.1136934e+01  -3.7830789e+01  -3.7826344e+01  -3.7826344e+01  -3.7830789e+01   4.8257799e+01  -1.3097722e+01
   4.5281109e-02   1.8443033e-03  -7.1138631e+01  -3.7823211e+01  -7.1141378e+01  -7.1141378e+01  -7.1136934e+01  -7.1136934e+01  -3.7826344e+01  -3.7821900e+01  -3.7821900e+01  -3.7826344e+01   4.8265128e+01  -1.3097725e+01
   4.7821486e-02   1.8665726e-03  -7.1134889e+01  -3.7823562e+01  -7.1136934e+01  -7.1136934e+01  -7.1132489e+01  -7.1132489e+01  -3.7826344e+01  -3.7821900e+01  -3.7821900e+01  -3.7826344e+01   4.8281276e+01  -1.3097732e+01
   4.9210775e-02   1.4784084e-03  -7.1135054e+01  -3.7819506e+01  -7.1136934e+01  -7.1136934e+01  -7.1132489e+01  -7.1132489e+01  -3.7821900e+01  -3.7817455e+01  -3.7817455e+01  -3.7821900e+01   4.8296243e+01  -1.3097737e+01
   5.0233175e-02   1.5360821e-03  -7.1138316e+01  -3.7819970e+01  -7.1141378e+01  -7.1141378e+01  -7.1136934e+01  -7.1136934e+01  -3.7821900e+01  -3.7817455e+01  -3.7817455e+01  -3.7821900e+01   4.8278741e+01  -1.3097730e+01
   4.3100925e-02   1.4667204e-03  -7.1130205e+01  -3.7823964e+01  -7.1132489e+01  -7.1132489e+01  -7.1128045e+01  -7.1128045e+01  -3.7826344e+01  -3.7821900e+01  -3.7821900e+01  -3.7826344e+01   4.8301875e+01  -1.3097739e+01
   4.0192988e-02   1.5303610e-03  -7.1125621e+01  -3.7823762e+01  -7.1128045e+01  -7.1128045e+01  -7.1123600e+01  -7.1123600e+01  -3.7826344e+01  -3.7821900e+01  -3.7821900e+01  -3.7826344e+01   4.8323542e+01  -1.3097747e+01
   4.3753121e-02   1.5332082e-03  -7.1126302e+01  -3.7820204e+01  -7.1128045e+01  -7.1128045e+01  -7.1123600e+01  -7.1123600e+01  -3.7821900e+01  -3.7817455e+01  -3.7817455e+01  -3.7821900e+01   4.8333570e+01  -1.3097751e+01
   4.7627299e-02   1.4362830e-03  -7.1130470e+01  -3.7819464e+01  -7.1132489e+01  -7.1132489e+01  -7.1128045e+01  -7.1128045e+01  -3.7821900e+01  -3.7817455e+01  -3.7817455e+01  -3.7821900e+01   4.8318844e+01  -1.3097745e+01
   3.8638993e-02   1.3409682e-03  -7.1130282e+01  -3.7815380e+01  -7.1132489e+01  -7.1132489e+01  -7.1128045e+01  -7.1128045e+01  -3.7817455e+01  -3.7813011e+01  -3.7813011e+01  -3.7817455e+01   4.8327771e+01  -1.3097748e+01
   3.6898024e-02   1.3453963e-03  -7.1126114e+01  -3.7815210e+01  -7.1128045e+01  -7.1128045e+01  -7.1123600e+01  -7.1123600e+01  -3.7817455e+01  -3.7813011e+01  -3.7813011e+01  -3.7817455e+01   4.8346168e+01  -1.3097755e+01
   2.9161576e-02   1.4342268e-03  -7.1125437e+01  -3.7811066e+01  -7.1128045e+01  -7.1128045e+01  -7.1123600e+01  -7.1123600e+01  -3.7813011e+01  -3.7808566e+01  -3.7808566e+01  -3.7813011e+01   4.8352801e+01  -1.3097758e+01
   3.0716243e-02   1.5760937e-03  -7.1130218e+01  -3.7811073e+01  -7.1132489e+01  -7.1132489e+01  -7.1128045e+01  -7.1128045e+01  -3.7813011e+01  -3.7808566e+01  -3.7808566e+01  -3.7813011e+01   4.8332136e+01  -1.3097750e+01
   4.8258850e-02   1.4301580e-03  -7.1138980e+01  -3.7815057e+01  -7.1141378e+01  -7.1141378e+01  -7.1136934e+01  -7.1136934e+01  -3.7817455e+01  -3.7813011e+01  -3.7813011e+01  -3.7817455e+01   4.8291446e+01  -1.3097734e+01
   4.4492190e-02   1.3514161e-03  -7.1134813e+01  -3.7815516e+01  -7.1136934e+01  -7.1136934e+01  -7.1132489e+01  -7.1132489e+01  -3.7817455e+01  -3.7813011e+01  -3.7813011e+01  -3.7817455e+01   4.8308023e+01  -1.3097741e+01
   3.7206898e-02   1.4321852e-03  -7.1135070e+01  -3.7810492e+01  -7.1136934e+01  -7.1136934e+01  -7.1132489e+01  -7.1132489e+01  -3.7813011e+01  -3.7808566e+01  -3.7808566e+01  -3.7813011e+01   4.8311997e+01  -1.3097742e+01
   4.1071372e-02   1.3439121e-03  -7.1139326e+01  -3.7810852e+01  -7.1141378e+01  -7.1141378e+01  -7.1136934e+01  -7.1136934e+01  -3.7813011e+01  -3.7808566e+01  -3.7808566e+01  -3.7813011e+01   4.8294750e+01  -1.3097736e+01
   3.2489954e-02   1.4383541e-03  -7.1121410e+01  -3.7823672e+01  -7.1123600e+01  -7.1123600e+01  -7.1119156e+01  -7.1119156e+01  -3.7826344e+01  -3.7821900e+01  -3.7821900e+01  -3.7826344e+01   4.8344254e+01  -1.3097754e+01
   2.9366260e-02   1.5793944e-03  -7.1117202e+01  -3.7824381e+01  -7.1119156e+01  -7.1119156e+01  -7.1114712e+01  -7.1114712e+01  -3.7826344e+01  -3.7821900e+01  -3.7821900e+01  -3.7826344e+01   4.8360340e+01  -1.3097760e+01
   2.9095603e-02   1.4690212e-03  -7.1117509e+01  -3.7820237e+01  -7.1119156e+01  -7.1119156e+01  -7.1114712e+01  -7.1114712e+01  -3.7821900e+01  -3.7817455e+01  -3.7817455e+01  -3.7821900e+01   4.8369216e+01  -1.3097764e+01
   3.8845788e-02   1.5663942e-03  -7.1121715e+01  -3.7820651e+01  -7.1123600e+01  -7.1123600e+01  -7.1119156e+01  -7.1119156e+01  -3.7821900e+01  -3.7817455e+01  -3.7817455e+01  -3.7821900e+01   4.8353255e+01  -1.3097757e+01
   2.4991724e-02   1.7609809e-03  -7.1112706e+01  -3.7825006e+01  -7.1114712e+01  -7.1114712e+01  -7.1110267e+01  -7.1110267e+01  -3.7826344e+01  -3.7821900e+01  -3.7821900e+01  -3.7826344e+01   4.8378394e+01  -1.3097767e+01
   2.1396723e-02   1.4808026e-03  -7.1107899e+01  -3.7824059e+01  -7.1110267e+01  -7.1110267e+01  -7.1105823e+01  -7.1105823e+01  -3.7826344e+01  -3.7821900e+01  -3.7821900e+01  -3.7826344e+01   4.8400912e+01  -1.3097776e+01
   1.9211417e-02   1.5389831e-03  -7.1107997e+01  -3.7819785e+01  -7.1110267e+01  -7.1110267e+01  -7.1105823e+01  -7.1105823e+01  -3.7821900e+01  -3.7817455e+01  -3.7817455e+01  -3.7821900e+01   4.8406600e+01  -1.3097778e+01
   2.2545194e-02   1.6936229e-03  -7.1112795e+01  -3.7820813e+01  -7.1114712e+01  -7.1114712e+01  -7.1110267e+01  -7.1110267e+01  -3.7821900e+01  -3.7817455e+01  -3.7817455e+01  -3.7821900e+01   4.8385775e+01  -1.3097771e+01
   1.8030254e-02   1.4690212e-03  -7.1112650e+01  -3.7814714e+01  -7.1114712e+01  -7.1114712e+01  -7.1110267e+01  -7.1110267e+01  -3.7817455e+01  -3.7813011e+01  -3.7813011e+01  -3.7817455e+01   4.8398710e+01  -1.3097775e+01
   1.6150081e-02   1.3575731e-03  -7.1108003e+01  -3.7815152e+01  -7.1110267e+01  -7.1110267e+01  -7.1105823e+01  -7.1105823e+01  -3.7817455e+01  -3.7813011e+01  -3.7813011e+01  -3.7817455e+01   4.8416291e+01  -1.3097781e+01
   1.3021973e-02   1.3769258e-03  -7.1108004e+01  -3.7811247e+01  -7.1110267e+01  -7.1110267e+01  -7.1105823e+01  -7.1105823e+01  -3.7813011e+01  -3.7808566e+01  -3.7808566e+01  -3.7813011e+01   4.8422110e+01  -1.3097784e+01
   1.6833536e-02   1.4031981e-03  -7.1112863e+01  -3.7811221e+01  -7.1114712e+01  -7.1114712e+01  -7.1110267e+01  -7.1110267e+01  -3.7813011e+01  -3.7808566e+01  -3.7808566e+01  -3.7813011e+01   4.8402140e+01  -1.3097776e+01
   2.9444160e-02   1.4760334e-03  -7.1121439e+01  -3.7814638e+01  -7.1123600e+01  -7.1123600e+01  -7.1119156e+01  -7.1119156e+01  -3.7817455e+01  -3.7813011e+01  -3.7813011e+01  -3.7817455e+01   4.8365174e+01  -1.3097763e+01
   2.4814985e-02   1.3654709e-03  -7.1117259e+01  -3.7815130e+01  -7.1119156e+01  -7.1119156e+01  -7.1114712e+01  -7.1114712e+01  -3.7817455e+01  -3.7813011e+01  -3.7813011e+01  -3.7817455e+01   4.8379662e+01  -1.3097768e+01
   2.2762970e-02   1.3092639e-03  -7.1117062e+01  -3.7810936e+01  -7.1119156e+01  -7.1119156e+01  -7.1114712e+01  -7.1114712e+01  -3.7813011e+01  -3.7808566e+01  -3.7808566e+01  -3.7813011e+01   4.8385730e+01  -1.3097771e+01
   2.6834894e-02   1.3453963e-03  -7.1121506e+01  -3.7811020e+01  -7.1123600e+01  -7.1123600e+01  -7.1119156e+01  -7.1119156e+01  -3.7813011e+01  -3.7808566e+01  -3.7808566e+01  -3.7813011e+01   4.8368684e+01  -1.3097763e+01
   2.2246305e-02   1.3888779e-03  -7.1121618e+01  -3.7806864e+01  -7.1123600e+01  -7.1123600e+01  -7.1119156e+01  -7.1119156e+01  -3.7808566e+01  -3.7804122e+01  -3.7804122e+01  -3.7808566e+01   4.8372851e+01  -1.3097765e+01
   1.9681918e-02   1.4446582e-03  -7.1117058e+01  -3.7807017e+01  -7.1119156e+01  -7.1119156e+01  -7.1114712e+01  -7.1114712e+01  -3.7808566e+01  -3.7804122e+01  -3.7804122e+01  -3.7808566e+01   4.8390261e+01  -1.3097771e+01
   1.8952119e-02   1.6537450e-03  -7.1122122e+01  -3.7802756e+01  -7.1123600e+01  -7.1123600e+01  -7.1119156e+01  -7.1119156e+01  -3.7804122e+01  -3.7799678e+01  -3.7799678e+01  -3.7804122e+01   4.8374592e+01  -1.3097765e+01
   1.8253300e-02   1.8902547e-03  -7.1113375e+01  -3.7807791e+01  -7.1114712e+01  -7.1114712e+01  -7.1110267e+01  -7.1110267e+01  -3.7808566e+01  -3.7804122e+01  -3.7804122e+01  -3.7808566e+01   4.8403078e+01  -1.3097778e+01
   1.0610481e-03   1.7785636e-03  -7.1107110e+01  -3.7801198e+01  -7.1110267e+01  -7.1110267e+01  -7.1105823e+01  -7.1105823e+01  -3.7804122e+01  -3.7799678e+01  -3.7799678e+01  -3.7804122e+01   4.8434846e+01  -1.3097787e+01
   3.6350385e-02   1.3544771e-03  -7.1139541e+01  -3.7806691e+01  -7.1141378e+01  -7.1141378e+01  -7.1136934e+01  -7.1136934e+01  -3.7808566e+01  -3.7804122e+01  -3.7804122e+01  -3.7808566e+01   4.8298112e+01  -1.3097737e+01
   2.9549147e-02   1.4050408e-03  -7.1134584e+01  -3.7806825e+01  -7.1136934e+01  -7.1136934e+01  -7.1132489e+01  -7.1132489e+01  -3.7808566e+01  -3.7804122e+01  -3.7804122e+01  -3.7808566e+01   4.8318600e+01  -1.3097745e+01
   2.5136033e-02   1.4106424e-03  -7.1134856e+01  -3.7802173e+01  -7.1136934e+01  -7.1136934e+01  -7.1132489e+01  -7.1132489e+01  -3.7804122e+01  -3.7799678e+01  -3.7799678e+01  -3.7804122e+01   4.8321255e+01  -1.3097746e+01
   3.1587461e-02   1.8984913e-03  -7.1139229e+01  -3.7803045e+01  -7.1141378e+01  -7.1141378e+01  -7.1136934e+01  -7.1136934e+01  -3.7804122e+01  -3.7799678e+01  -3.7799678e+01  -3.7804122e+01   4.8301242e+01  -1.3097738e+01
   2.5444511e-02   1.3131898e-03  -7.1130437e+01  -3.7806435e+01  -7.1132489e+01  -7.1132489e+01  -7.1128045e+01  -7.1128045e+01  -3.7808566e+01  -3.7804122e+01  -3.7804122e+01  -3.7808566e+01   4.8336011e+01  -1.3097751e+01
   2.3552931e-02   1.3092639e-03  -7.1125992e+01  -3.7806505e+01  -7.1128045e+01  -7.1128045e+01  -7.1123600e+01  -7.1123600e+01  -3.7808566e+01  -3.7804122e+01  -3.7804122e+01  -3.7808566e+01   4.8354976e+01  -1.3097759e+01
   1.9595772e-02   1.4182884e-03  -7.1126477e+01  -3.7802109e+01  -7.1128045e+01  -7.1128045e+01  -7.1123600e+01  -7.1123600e+01  -3.7804122e+01  -3.7799678e+01  -3.7799678e+01  -3.7804122e+01   4.8357517e+01  -1.3097759e+01
   2.1505194e-02   1.3079683e-03  -7.1130388e+01  -3.7802060e+01  -7.1132489e+01  -7.1132489e+01  -7.1128045e+01  -7.1128045e+01  -3.7804122e+01  -3.7799678e+01  -3.7799678e+01  -3.7804122e+01   4.8342090e+01  -1.3097754e+01
   2.0958847e-02   1.5219752e-03  -7.1104239e+01  -3.7823544e+01  -7.1105823e+01  -7.1105823e+01  -7.1101378e+01  -7.1101378e+01  -3.7826344e+01  -3.7821900e+01  -3.7821900e+01  -3.7826344e+01   4.8417529e+01  -1.3097782e+01
   1.2454942e-02   1.4905774e-03  -7.1098852e+01  -3.7819768e+01  -7.1101378e+01  -7.1101378e+01  -7.1096934e+01  -7.1096934e+01  -3.7821900e+01  -3.7817455e+01  -3.7817455e+01  -3.7821900e+01   4.8443136e+01  -1.3097792e+01
   1.7337470e-02   1.5219752e-03  -7.1103999e+01  -3.7819587e+01  -7.1105823e+01  -7.1105823e+01  -7.1101378e+01  -7.1101378e+01  -3.7821900e+01  -3.7817455e+01  -3.7817455e+01  -3.7821900e+01   4.8423150e+01  -1.3097785e+01
   9.1312417e-03   1.7080380e-03  -7.1090171e+01  -3.7824540e+01  -7.1092489e+01  -7.1092489e+01  -7.1088045e+01  -7.1088045e+01  -3.7826344e+01  -3.7821900e+01  -3.7821900e+01  -3.7826344e+01   4.8472947e+01  -1.3097802e+01
   8.8140725e-03   1.6983603e-03  -7.1095639e+01  -3.7819350e+01  -7.1096934e+01  -7.1096934e+01  -7.1092489e+01  -7.1092489e+01  -3.7821900e+01  -3.7817455e+01  -3.7817455e+01  -3.7821900e+01   4.8458121e+01  -1.3097797e+01
   5.1248604e-03   1.6579477e-03  -7.1094720e+01  -3.7815361e+01  -7.1096934e+01  -7.1096934e+01  -7.1092489e+01  -7.1092489e+01  -3.7817455e+01  -3.7813011e+01  -3.7813011e+01  -3.7817455e+01   4.8467270e+01  -1.3097800e+01
   2.1876741e-03   1.5964346e-03  -7.1091127e+01  -3.7811549e+01  -7.1092489e+01  -7.1092489e+01  -7.1088045e+01  -7.1088045e+01  -3.7813011e+01  -3.7808566e+01  -3.7808566e+01  -3.7813011e+01   4.8487847e+01  -1.3097809e+01
   5.7714068e-03   1.4532834e-03  -7.1094541e+01  -3.7810556e+01  -7.1096934e+01  -7.1096934e+01  -7.1092489e+01  -7.1092489e+01  -3.7813011e+01  -3.7808566e+01  -3.7808566e+01  -3.7813011e+01   4.8476379e+01  -1.3097804e+01
   1.3204094e-02   1.3439121e-03  -7.1103905e+01  -3.7815258e+01  -7.1105823e+01  -7.1105823e+01  -7.1101378e+01  -7.1101378e+01  -3.7817455e+01  -3.7813011e+01  -3.7813011e+01  -3.7817455e+01   4.8431532e+01  -1.3097787e+01
   8.2986443e-03   1.4202326e-03  -7.1099231e+01  -3.7815267e+01  -7.1101378e+01  -7.1101378e+01  -7.1096934e+01  -7.1096934e+01  -3.7817455e+01  -3.7813011e+01  -3.7813011e+01  -3.7817455e+01   4.8448946e+01  -1.3097794e+01
   7.7359715e-03   1.3351755e-03  -7.1099457e+01  -3.7810804e+01  -7.1101378e+01  -7.1101378e+01  -7.1096934e+01  -7.1096934e+01  -3.7813011e+01  -3.7808566e+01  -3.7808566e+01  -3.7813011e+01   4.8456809e+01  -1.3097796e+01
   9.7980453e-03   1.3041194e-03  -7.1103739e+01  -3.7810928e+01  -7.1105823e+01  -7.1105823e+01  -7.1101378e+01  -7.1101378e+01  -3.7813011e+01  -3.7808566e+01  -3.7808566e+01  -3.7813011e+01   4.8439685e+01  -1.3097790e+01
   1.0286175e-02   1.6295962e-03  -7.1103156e+01  -3.7806590e+01  -7.1105823e+01  -7.1105823e+01  -7.1101378e+01  -7.1101378e+01  -3.7808566e+01  -3.7804122e+01  -3.7804122e+01  -3.7808566e+01   4.8446617e+01  -1.3097793e+01
   9.0551081e-03   1.4281451e-03  -7.1099534e+01  -3.7806894e+01  -7.1101378e+01  -7.1101378e+01  -7.1096934e+01  -7.1096934e+01  -3.7808566e+01  -3.7804122e+01  -3.7804122e+01  -3.7808566e+01   4.8462344e+01  -1.3097799e+01
   3.0077180e-03   1.5247449e-03  -7.1099182e+01  -3.7801511e+01  -7.1101378e+01  -7.1101378e+01  -7.1096934e+01  -7.1096934e+01  -3.7804122e+01  -3.7799678e+01  -3.7799678e+01  -3.7804122e+01   4.8469386e+01  -1.3097801e+01
   6.2458748e-03   1.8099437e-03  -7.1103665e+01  -3.7802781e+01  -7.1105823e+01  -7.1105823e+01  -7.1101378e+01  -7.1101378e+01  -3.7804122e+01  -3.7799678e+01  -3.7799678e+01  -3.7804122e+01   4.8448270e+01  -1.3097794e+01
